Log file open, 03/04/21 19:38:54
LogPakFile: Display: Found Pak file ../../../MyProject5/Content/Paks/MyProject5-WindowsNoEditor.pak attempting to mount.
LogPakFile: Display: Mounting pak file ../../../MyProject5/Content/Paks/MyProject5-WindowsNoEditor.pak.
LogPlatformFile: Not using cached read wrapper
LogTaskGraph: Started task graph with 5 named threads and 47 total threads with 3 sets of task threads.
LogStats: Stats thread started at 0.037688
LogD3D11RHI: Loaded GFSDK_Aftermath_Lib.x64.dll
LogICUInternationalization: ICU TimeZone Detection - Raw Offset: -6:00, Platform Override: ''
LogPluginManager: Mounting plugin AdvancedSessions
LogPluginManager: Mounting plugin OnlineSubsystem
LogPluginManager: Mounting plugin OnlineSubsystemUtils
LogPluginManager: Mounting plugin AdvancedSteamSessions
LogPluginManager: Mounting plugin OnlineSubsystemSteam
LogPluginManager: Mounting plugin SteamShared
LogPluginManager: Mounting plugin Paper2D
LogPluginManager: Mounting plugin AISupport
LogPluginManager: Mounting plugin LightPropagationVolume
LogPluginManager: Mounting plugin AnimationSharing
LogPluginManager: Mounting plugin SignificanceManager
LogPluginManager: Mounting plugin UObjectPlugin
LogPluginManager: Mounting plugin AssetManagerEditor
LogPluginManager: Mounting plugin FacialAnimation
LogPluginManager: Mounting plugin GeometryMode
LogPluginManager: Mounting plugin DatasmithContent
LogPluginManager: Mounting plugin VariantManagerContent
LogPluginManager: Mounting plugin AlembicImporter
LogPluginManager: Mounting plugin GeometryCache
LogPluginManager: Mounting plugin AutomationUtils
LogPluginManager: Mounting plugin ScreenshotTools
LogPluginManager: Mounting plugin BackChannel
LogPluginManager: Mounting plugin ChaosClothEditor
LogPluginManager: Mounting plugin ChaosCloth
LogPluginManager: Mounting plugin ChaosEditor
LogPluginManager: Mounting plugin PlanarCut
LogPluginManager: Mounting plugin GeometryProcessing
LogPluginManager: Mounting plugin EditableMesh
LogPluginManager: Mounting plugin GeometryCollectionPlugin
LogPluginManager: Mounting plugin ProceduralMeshComponent
LogPluginManager: Mounting plugin ChaosSolverPlugin
LogPluginManager: Mounting plugin ChaosNiagara
LogPluginManager: Mounting plugin Niagara
LogPluginManager: Mounting plugin CharacterAI
LogPluginManager: Mounting plugin PlatformCrypto
LogPluginManager: Mounting plugin MagicLeapPassableWorld
LogPluginManager: Mounting plugin MagicLeap
LogPluginManager: Mounting plugin MLSDK
LogPluginManager: Mounting plugin MagicLeapLightEstimation
LogPluginManager: Mounting plugin AvfMedia
LogPluginManager: Mounting plugin ImgMedia
LogPluginManager: Mounting plugin MediaCompositing
LogPluginManager: Mounting plugin WmfMedia
LogPluginManager: Mounting plugin MeshPainting
LogPluginManager: Mounting plugin TcpMessaging
LogPluginManager: Mounting plugin UdpMessaging
LogPluginManager: Mounting plugin ActorSequence
LogPluginManager: Mounting plugin LevelSequenceEditor
LogPluginManager: Mounting plugin MatineeToLevelSequence
LogPluginManager: Mounting plugin TemplateSequence
LogPluginManager: Mounting plugin MovieRenderPipeline
LogPluginManager: Mounting plugin EditorScriptingUtilities
LogPluginManager: Mounting plugin NetcodeUnitTest
LogPluginManager: Mounting plugin OnlineSubsystemNull
LogPluginManager: Mounting plugin LauncherChunkInstaller
LogPluginManager: Mounting plugin AndroidPermission
LogPluginManager: Mounting plugin AppleImageUtils
LogPluginManager: Mounting plugin ArchVisCharacter
LogPluginManager: Mounting plugin AssetTags
LogPluginManager: Mounting plugin AudioCapture
LogPluginManager: Mounting plugin CableComponent
LogPluginManager: Mounting plugin CustomMeshComponent
LogPluginManager: Mounting plugin ExampleDeviceProfileSelector
LogPluginManager: Mounting plugin GooglePAD
LogPluginManager: Mounting plugin LocationServicesBPLibrary
LogPluginManager: Mounting plugin MobilePatchingUtils
LogPluginManager: Mounting plugin OculusVR
LogPluginManager: Mounting plugin PhysXVehicles
LogPluginManager: Mounting plugin RuntimePhysXCooking
LogPluginManager: Mounting plugin SoundFields
LogPluginManager: Mounting plugin SteamVR
LogPluginManager: Mounting plugin Synthesis
LogPluginManager: Mounting plugin WebMMoviePlayer
LogPluginManager: Mounting plugin WebMMedia
LogPluginManager: Mounting plugin WindowsMoviePlayer
LogInit: Using libcurl 7.55.1-DEV
LogInit:  - built for x86_64-pc-win32
LogInit:  - supports SSL with OpenSSL/1.1.1
LogInit:  - supports HTTP deflate (compression) using libz 1.2.8
LogInit:  - other features:
LogInit:      CURL_VERSION_SSL
LogInit:      CURL_VERSION_LIBZ
LogInit:      CURL_VERSION_IPV6
LogInit:      CURL_VERSION_ASYNCHDNS
LogInit:      CURL_VERSION_LARGEFILE
LogInit:      CURL_VERSION_IDN
LogInit:  CurlRequestOptions (configurable via config and command line):
LogInit:  - bVerifyPeer = true  - Libcurl will verify peer certificate
LogInit:  - bUseHttpProxy = false  - Libcurl will NOT use HTTP proxy
LogInit:  - bDontReuseConnections = false  - Libcurl will reuse connections
LogInit:  - MaxHostConnections = 16  - Libcurl will limit the number of connections to a host
LogInit:  - LocalHostAddr = Default
LogInit:  - BufferSize = 65536
LogSteamShared: Display: Loading Steam SDK 1.47
LogSteamShared: Steam SDK Loaded!
LogOnline: OSS: Creating online subsystem instance for: Steam
LogOnline: STEAM: Steam User is subscribed 1
LogOnline: STEAM: [AppId: 480] Client API initialized 1
LogOnline: STEAM: Initializing SteamNetworking Layer
LogOnline: STEAM: Missing P2PCleanupTimeout key in OnlineSubsystemSteam of DefaultEngine.ini, using default
LogInit: WinSock: version 1.1 (2.2), MaxSocks=32767, MaxUdp=65467
LogOnline: OSS: TryLoadSubsystemAndSetDefault: Loaded subsystem for module [Steam]
LogInit: Build: ++UE4+Release-4.25-CL-14469661
LogInit: Engine Version: 4.25.4-14469661+++UE4+Release-4.25
LogInit: Compatible Engine Version: 4.25.0-13144385+++UE4+Release-4.25
LogInit: Net CL: 13144385
LogInit: OS: Windows 10 (Release 2009) (), CPU: AMD Ryzen 7 3800X 8-Core Processor             , GPU: Radeon RX 580 Series
LogInit: Compiled (64-bit): Oct 11 2020 08:22:12
LogInit: Compiled with Visual C++: 19.16.27032.01
LogInit: Build Configuration: Development
LogInit: Branch Name: ++UE4+Release-4.25
LogInit: Command Line: 
LogInit: Base Directory: C:/Users/Usuario/Documents/Unreal Projects/MyProject5/Package/WindowsNoEditor/MyProject5/Binaries/Win64/
LogInit: Allocator: binned2
LogInit: Installed Engine Build: 0
LogDevObjectVersion: Number of dev versions registered: 26
LogDevObjectVersion:   Dev-Blueprints (B0D832E4-1F89-4F0D-ACCF-7EB736FD4AA2): 10
LogDevObjectVersion:   Dev-Build (E1C64328-A22C-4D53-A36C-8E866417BD8C): 0
LogDevObjectVersion:   Dev-Core (375EC13C-06E4-48FB-B500-84F0262A717E): 4
LogDevObjectVersion:   Dev-Editor (E4B068ED-F494-42E9-A231-DA0B2E46BB41): 38
LogDevObjectVersion:   Dev-Framework (CFFC743F-43B0-4480-9391-14DF171D2073): 37
LogDevObjectVersion:   Dev-Mobile (B02B49B5-BB20-44E9-A304-32B752E40360): 2
LogDevObjectVersion:   Dev-Networking (A4E4105C-59A1-49B5-A7C5-40C4547EDFEE): 0
LogDevObjectVersion:   Dev-Online (39C831C9-5AE6-47DC-9A44-9C173E1C8E7C): 0
LogDevObjectVersion:   Dev-Physics (78F01B33-EBEA-4F98-B9B4-84EACCB95AA2): 4
LogDevObjectVersion:   Dev-Platform (6631380F-2D4D-43E0-8009-CF276956A95A): 0
LogDevObjectVersion:   Dev-Rendering (12F88B9F-8875-4AFC-A67C-D90C383ABD29): 43
LogDevObjectVersion:   Dev-Sequencer (7B5AE74C-D270-4C10-A958-57980B212A5A): 12
LogDevObjectVersion:   Dev-VR (D7296918-1DD6-4BDD-9DE2-64A83CC13884): 3
LogDevObjectVersion:   Dev-LoadTimes (C2A15278-BFE7-4AFE-6C17-90FF531DF755): 1
LogDevObjectVersion:   Private-Geometry (6EACA3D4-40EC-4CC1-B786-8BED09428FC5): 3
LogDevObjectVersion:   Dev-AnimPhys (29E575DD-E0A3-4627-9D10-D276232CDCEA): 17
LogDevObjectVersion:   Dev-Anim (AF43A65D-7FD3-4947-9873-3E8ED9C1BB05): 7
LogDevObjectVersion:   Dev-ReflectionCapture (6B266CEC-1EC7-4B8F-A30B-E4D90942FC07): 1
LogDevObjectVersion:   Dev-Automation (0DF73D61-A23F-47EA-B727-89E90C41499A): 1
LogDevObjectVersion:   FortniteMain (601D1886-AC64-4F84-AA16-D3DE0DEAC7D6): 31
LogDevObjectVersion:   Dev-Enterprise (9DFFBCD6-494F-0158-E221-12823C92A888): 10
LogDevObjectVersion:   Dev-Niagara (F2AED0AC-9AFE-416F-8664-AA7FFA26D6FC): 1
LogDevObjectVersion:   Dev-Destruction (174F1F0B-B4C6-45A5-B13F-2EE8D0FB917D): 10
LogDevObjectVersion:   Dev-Physics-Ext (35F94A83-E258-406C-A318-09F59610247C): 37
LogDevObjectVersion:   Dev-PhysicsMaterial-Chaos (B68FC16E-8B1B-42E2-B453-215C058844FE): 1
LogDevObjectVersion:   Dev-CineCamera (B2E18506-4273-CFC2-A54E-F4BB758BBA07): 1
LogInit: Presizing for max 2097152 objects, including 1 objects not considered by GC, pre-allocating 0 bytes for permanent pool.
LogConfig: Applying CVar settings from Section [/Script/Engine.StreamingSettings] File [../../../MyProject5/Saved/Config/WindowsNoEditor/Engine.ini]
LogConfig: Setting CVar [[s.MinBulkDataSizeForAsyncLoading:131072]]
LogConfig: Setting CVar [[s.AsyncLoadingThreadEnabled:0]]
LogConfig: Setting CVar [[s.EventDrivenLoaderEnabled:1]]
LogConfig: Setting CVar [[s.WarnIfTimeLimitExceeded:0]]
LogConfig: Setting CVar [[s.TimeLimitExceededMultiplier:1.5]]
LogConfig: Setting CVar [[s.TimeLimitExceededMinTime:0.005]]
LogConfig: Setting CVar [[s.UseBackgroundLevelStreaming:1]]
LogConfig: Setting CVar [[s.PriorityAsyncLoadingExtraTime:15.0]]
LogConfig: Setting CVar [[s.LevelStreamingActorsUpdateTimeLimit:5.0]]
LogConfig: Setting CVar [[s.PriorityLevelStreamingActorsUpdateExtraTime:5.0]]
LogConfig: Setting CVar [[s.LevelStreamingComponentsRegistrationGranularity:10]]
LogConfig: Setting CVar [[s.UnregisterComponentsTimeLimit:1.0]]
LogConfig: Setting CVar [[s.LevelStreamingComponentsUnregistrationGranularity:5]]
LogConfig: Setting CVar [[s.FlushStreamingOnExit:1]]
LogStreaming: Display: Async Loading initialized: Event Driven Loader: true, Async Loading Thread: false, Async Post Load: true
LogInit: Object subsystem initialized
LogConfig: Setting CVar [[con.DebugEarlyDefault:1]]
LogConfig: Setting CVar [[r.setres:1280x720]]
LogConfig: Setting CVar [[fx.NiagaraAllowRuntimeScalabilityChanges:1]]
[2021.03.05-01.38.54:684][  0]LogConfig: Setting CVar [[con.DebugEarlyDefault:1]]
[2021.03.05-01.38.54:684][  0]LogConfig: Setting CVar [[r.setres:1280x720]]
[2021.03.05-01.38.54:684][  0]LogConfig: Setting CVar [[fx.NiagaraAllowRuntimeScalabilityChanges:1]]
[2021.03.05-01.38.54:684][  0]LogConfig: Applying CVar settings from Section [/Script/Engine.RendererSettings] File [../../../MyProject5/Saved/Config/WindowsNoEditor/Engine.ini]
[2021.03.05-01.38.54:684][  0]LogConfig: Setting CVar [[r.GPUCrashDebugging:0]]
[2021.03.05-01.38.54:684][  0]LogConfig: Applying CVar settings from Section [/Script/Engine.RendererOverrideSettings] File [../../../MyProject5/Saved/Config/WindowsNoEditor/Engine.ini]
[2021.03.05-01.38.54:684][  0]LogConfig: Applying CVar settings from Section [/Script/Engine.StreamingSettings] File [../../../MyProject5/Saved/Config/WindowsNoEditor/Engine.ini]
[2021.03.05-01.38.54:684][  0]LogConfig: Setting CVar [[s.MinBulkDataSizeForAsyncLoading:131072]]
[2021.03.05-01.38.54:684][  0]LogConfig: Setting CVar [[s.AsyncLoadingThreadEnabled:0]]
[2021.03.05-01.38.54:684][  0]LogConfig: Setting CVar [[s.EventDrivenLoaderEnabled:1]]
[2021.03.05-01.38.54:684][  0]LogConfig: Setting CVar [[s.WarnIfTimeLimitExceeded:0]]
[2021.03.05-01.38.54:684][  0]LogConfig: Setting CVar [[s.TimeLimitExceededMultiplier:1.5]]
[2021.03.05-01.38.54:684][  0]LogConfig: Setting CVar [[s.TimeLimitExceededMinTime:0.005]]
[2021.03.05-01.38.54:684][  0]LogConfig: Setting CVar [[s.UseBackgroundLevelStreaming:1]]
[2021.03.05-01.38.54:684][  0]LogConfig: Setting CVar [[s.PriorityAsyncLoadingExtraTime:15.0]]
[2021.03.05-01.38.54:684][  0]LogConfig: Setting CVar [[s.LevelStreamingActorsUpdateTimeLimit:5.0]]
[2021.03.05-01.38.54:684][  0]LogConfig: Setting CVar [[s.PriorityLevelStreamingActorsUpdateExtraTime:5.0]]
[2021.03.05-01.38.54:684][  0]LogConfig: Setting CVar [[s.LevelStreamingComponentsRegistrationGranularity:10]]
[2021.03.05-01.38.54:684][  0]LogConfig: Setting CVar [[s.UnregisterComponentsTimeLimit:1.0]]
[2021.03.05-01.38.54:684][  0]LogConfig: Setting CVar [[s.LevelStreamingComponentsUnregistrationGranularity:5]]
[2021.03.05-01.38.54:684][  0]LogConfig: Setting CVar [[s.FlushStreamingOnExit:1]]
[2021.03.05-01.38.54:684][  0]LogConfig: Applying CVar settings from Section [/Script/Engine.GarbageCollectionSettings] File [../../../MyProject5/Saved/Config/WindowsNoEditor/Engine.ini]
[2021.03.05-01.38.54:684][  0]LogConfig: Setting CVar [[gc.MaxObjectsNotConsideredByGC:1]]
[2021.03.05-01.38.54:684][  0]LogConfig: Setting CVar [[gc.SizeOfPermanentObjectPool:0]]
[2021.03.05-01.38.54:684][  0]LogConfig: Setting CVar [[gc.FlushStreamingOnGC:0]]
[2021.03.05-01.38.54:684][  0]LogConfig: Setting CVar [[gc.NumRetriesBeforeForcingGC:10]]
[2021.03.05-01.38.54:684][  0]LogConfig: Setting CVar [[gc.AllowParallelGC:1]]
[2021.03.05-01.38.54:684][  0]LogConfig: Setting CVar [[gc.TimeBetweenPurgingPendingKillObjects:61.1]]
[2021.03.05-01.38.54:684][  0]LogConfig: Setting CVar [[gc.MaxObjectsInEditor:25165824]]
[2021.03.05-01.38.54:684][  0]LogConfig: Setting CVar [[gc.IncrementalBeginDestroyEnabled:1]]
[2021.03.05-01.38.54:684][  0]LogConfig: Setting CVar [[gc.CreateGCClusters:1]]
[2021.03.05-01.38.54:684][  0]LogConfig: Setting CVar [[gc.MinGCClusterSize:5]]
[2021.03.05-01.38.54:684][  0]LogConfig: Setting CVar [[gc.ActorClusteringEnabled:0]]
[2021.03.05-01.38.54:684][  0]LogConfig: Setting CVar [[gc.BlueprintClusteringEnabled:0]]
[2021.03.05-01.38.54:684][  0]LogConfig: Setting CVar [[gc.UseDisregardForGCOnDedicatedServers:0]]
[2021.03.05-01.38.54:684][  0]LogConfig: Applying CVar settings from Section [/Script/Engine.NetworkSettings] File [../../../MyProject5/Saved/Config/WindowsNoEditor/Engine.ini]
[2021.03.05-01.38.54:692][  0]LogConfig: Applying CVar settings from Section [ViewDistanceQuality@3] File [../../../MyProject5/Saved/Config/WindowsNoEditor/Scalability.ini]
[2021.03.05-01.38.54:692][  0]LogConfig: Setting CVar [[r.SkeletalMeshLODBias:0]]
[2021.03.05-01.38.54:692][  0]LogConfig: Setting CVar [[r.ViewDistanceScale:1.0]]
[2021.03.05-01.38.54:692][  0]LogConfig: Applying CVar settings from Section [AntiAliasingQuality@3] File [../../../MyProject5/Saved/Config/WindowsNoEditor/Scalability.ini]
[2021.03.05-01.38.54:692][  0]LogConfig: Setting CVar [[r.PostProcessAAQuality:4]]
[2021.03.05-01.38.54:692][  0]LogConfig: Applying CVar settings from Section [ShadowQuality@3] File [../../../MyProject5/Saved/Config/WindowsNoEditor/Scalability.ini]
[2021.03.05-01.38.54:692][  0]LogConfig: Setting CVar [[r.LightFunctionQuality:1]]
[2021.03.05-01.38.54:692][  0]LogConfig: Setting CVar [[r.ShadowQuality:5]]
[2021.03.05-01.38.54:692][  0]LogConfig: Setting CVar [[r.Shadow.CSM.MaxCascades:10]]
[2021.03.05-01.38.54:692][  0]LogConfig: Setting CVar [[r.Shadow.MaxResolution:2048]]
[2021.03.05-01.38.54:692][  0]LogConfig: Setting CVar [[r.Shadow.MaxCSMResolution:2048]]
[2021.03.05-01.38.54:692][  0]LogConfig: Setting CVar [[r.Shadow.RadiusThreshold:0.01]]
[2021.03.05-01.38.54:692][  0]LogConfig: Setting CVar [[r.Shadow.DistanceScale:1.0]]
[2021.03.05-01.38.54:692][  0]LogConfig: Setting CVar [[r.Shadow.CSM.TransitionScale:1.0]]
[2021.03.05-01.38.54:692][  0]LogConfig: Setting CVar [[r.Shadow.PreShadowResolutionFactor:1.0]]
[2021.03.05-01.38.54:692][  0]LogConfig: Setting CVar [[r.DistanceFieldShadowing:1]]
[2021.03.05-01.38.54:692][  0]LogConfig: Setting CVar [[r.DistanceFieldAO:1]]
[2021.03.05-01.38.54:692][  0]LogConfig: Setting CVar [[r.AOQuality:2]]
[2021.03.05-01.38.54:692][  0]LogConfig: Setting CVar [[r.VolumetricFog:1]]
[2021.03.05-01.38.54:692][  0]LogConfig: Setting CVar [[r.VolumetricFog.GridPixelSize:8]]
[2021.03.05-01.38.54:692][  0]LogConfig: Setting CVar [[r.VolumetricFog.GridSizeZ:128]]
[2021.03.05-01.38.54:692][  0]LogConfig: Setting CVar [[r.VolumetricFog.HistoryMissSupersampleCount:4]]
[2021.03.05-01.38.54:692][  0]LogConfig: Setting CVar [[r.LightMaxDrawDistanceScale:1]]
[2021.03.05-01.38.54:692][  0]LogConfig: Setting CVar [[r.CapsuleShadows:1]]
[2021.03.05-01.38.54:692][  0]LogConfig: Applying CVar settings from Section [PostProcessQuality@3] File [../../../MyProject5/Saved/Config/WindowsNoEditor/Scalability.ini]
[2021.03.05-01.38.54:692][  0]LogConfig: Setting CVar [[r.MotionBlurQuality:4]]
[2021.03.05-01.38.54:692][  0]LogConfig: Setting CVar [[r.AmbientOcclusionMipLevelFactor:0.4]]
[2021.03.05-01.38.54:692][  0]LogConfig: Setting CVar [[r.AmbientOcclusionMaxQuality:100]]
[2021.03.05-01.38.54:692][  0]LogConfig: Setting CVar [[r.AmbientOcclusionLevels:-1]]
[2021.03.05-01.38.54:692][  0]LogConfig: Setting CVar [[r.AmbientOcclusionRadiusScale:1.0]]
[2021.03.05-01.38.54:692][  0]LogConfig: Setting CVar [[r.DepthOfFieldQuality:2]]
[2021.03.05-01.38.54:692][  0]LogConfig: Setting CVar [[r.RenderTargetPoolMin:400]]
[2021.03.05-01.38.54:692][  0]LogConfig: Setting CVar [[r.LensFlareQuality:2]]
[2021.03.05-01.38.54:692][  0]LogConfig: Setting CVar [[r.SceneColorFringeQuality:1]]
[2021.03.05-01.38.54:692][  0]LogConfig: Setting CVar [[r.EyeAdaptationQuality:2]]
[2021.03.05-01.38.54:692][  0]LogConfig: Setting CVar [[r.BloomQuality:5]]
[2021.03.05-01.38.54:692][  0]LogConfig: Setting CVar [[r.FastBlurThreshold:100]]
[2021.03.05-01.38.54:692][  0]LogConfig: Setting CVar [[r.Upscale.Quality:3]]
[2021.03.05-01.38.54:692][  0]LogConfig: Setting CVar [[r.Tonemapper.GrainQuantization:1]]
[2021.03.05-01.38.54:692][  0]LogConfig: Setting CVar [[r.LightShaftQuality:1]]
[2021.03.05-01.38.54:692][  0]LogConfig: Setting CVar [[r.Filter.SizeScale:1]]
[2021.03.05-01.38.54:692][  0]LogConfig: Setting CVar [[r.Tonemapper.Quality:5]]
[2021.03.05-01.38.54:692][  0]LogConfig: Setting CVar [[r.DOF.Gather.AccumulatorQuality:1        ; higher gathering accumulator quality]]
[2021.03.05-01.38.54:692][  0]LogConfig: Setting CVar [[r.DOF.Gather.PostfilterMethod:1          ; Median3x3 postfilering method]]
[2021.03.05-01.38.54:692][  0]LogConfig: Setting CVar [[r.DOF.Gather.EnableBokehSettings:0       ; no bokeh simulation when gathering]]
[2021.03.05-01.38.54:692][  0]LogConfig: Setting CVar [[r.DOF.Gather.RingCount:4                 ; medium number of samples when gathering]]
[2021.03.05-01.38.54:692][  0]LogConfig: Setting CVar [[r.DOF.Scatter.ForegroundCompositing:1    ; additive foreground scattering]]
[2021.03.05-01.38.54:692][  0]LogConfig: Setting CVar [[r.DOF.Scatter.BackgroundCompositing:2    ; additive background scattering]]
[2021.03.05-01.38.54:692][  0]LogConfig: Setting CVar [[r.DOF.Scatter.EnableBokehSettings:1      ; bokeh simulation when scattering]]
[2021.03.05-01.38.54:692][  0]LogConfig: Setting CVar [[r.DOF.Scatter.MaxSpriteRatio:0.1         ; only a maximum of 10% of scattered bokeh]]
[2021.03.05-01.38.54:692][  0]LogConfig: Setting CVar [[r.DOF.Recombine.Quality:1                ; cheap slight out of focus]]
[2021.03.05-01.38.54:692][  0]LogConfig: Setting CVar [[r.DOF.Recombine.EnableBokehSettings:0    ; no bokeh simulation on slight out of focus]]
[2021.03.05-01.38.54:692][  0]LogConfig: Setting CVar [[r.DOF.TemporalAAQuality:1                ; more stable temporal accumulation]]
[2021.03.05-01.38.54:692][  0]LogConfig: Setting CVar [[r.DOF.Kernel.MaxForegroundRadius:0.025]]
[2021.03.05-01.38.54:692][  0]LogConfig: Setting CVar [[r.DOF.Kernel.MaxBackgroundRadius:0.025]]
[2021.03.05-01.38.54:692][  0]LogConfig: Applying CVar settings from Section [TextureQuality@3] File [../../../MyProject5/Saved/Config/WindowsNoEditor/Scalability.ini]
[2021.03.05-01.38.54:693][  0]LogConfig: Setting CVar [[r.Streaming.MipBias:0]]
[2021.03.05-01.38.54:693][  0]LogConfig: Setting CVar [[r.Streaming.AmortizeCPUToGPUCopy:0]]
[2021.03.05-01.38.54:693][  0]LogConfig: Setting CVar [[r.Streaming.MaxNumTexturesToStreamPerFrame:0]]
[2021.03.05-01.38.54:693][  0]LogConfig: Setting CVar [[r.Streaming.Boost:1]]
[2021.03.05-01.38.54:693][  0]LogConfig: Setting CVar [[r.MaxAnisotropy:8]]
[2021.03.05-01.38.54:693][  0]LogConfig: Setting CVar [[r.VT.MaxAnisotropy:8]]
[2021.03.05-01.38.54:693][  0]LogConfig: Setting CVar [[r.Streaming.LimitPoolSizeToVRAM:0]]
[2021.03.05-01.38.54:693][  0]LogConfig: Setting CVar [[r.Streaming.PoolSize:1000]]
[2021.03.05-01.38.54:693][  0]LogConfig: Setting CVar [[r.Streaming.MaxEffectiveScreenSize:0]]
[2021.03.05-01.38.54:693][  0]LogConfig: Applying CVar settings from Section [EffectsQuality@3] File [../../../MyProject5/Saved/Config/WindowsNoEditor/Scalability.ini]
[2021.03.05-01.38.54:693][  0]LogConfig: Setting CVar [[r.TranslucencyLightingVolumeDim:64]]
[2021.03.05-01.38.54:693][  0]LogConfig: Setting CVar [[r.RefractionQuality:2]]
[2021.03.05-01.38.54:693][  0]LogConfig: Setting CVar [[r.SSR.Quality:3]]
[2021.03.05-01.38.54:693][  0]LogConfig: Setting CVar [[r.SSR.HalfResSceneColor:0]]
[2021.03.05-01.38.54:693][  0]LogConfig: Setting CVar [[r.SceneColorFormat:4]]
[2021.03.05-01.38.54:693][  0]LogConfig: Setting CVar [[r.DetailMode:2]]
[2021.03.05-01.38.54:693][  0]LogConfig: Setting CVar [[r.TranslucencyVolumeBlur:1]]
[2021.03.05-01.38.54:693][  0]LogConfig: Setting CVar [[r.MaterialQualityLevel:1 ; High quality]]
[2021.03.05-01.38.54:693][  0]LogConfig: Setting CVar [[r.SSS.Scale:1]]
[2021.03.05-01.38.54:693][  0]LogConfig: Setting CVar [[r.SSS.SampleSet:2]]
[2021.03.05-01.38.54:693][  0]LogConfig: Setting CVar [[r.SSS.Quality:1]]
[2021.03.05-01.38.54:693][  0]LogConfig: Setting CVar [[r.SSS.HalfRes:0]]
[2021.03.05-01.38.54:693][  0]LogConfig: Setting CVar [[r.SSGI.Quality:3]]
[2021.03.05-01.38.54:693][  0]LogConfig: Setting CVar [[r.EmitterSpawnRateScale:1.0]]
[2021.03.05-01.38.54:693][  0]LogConfig: Setting CVar [[r.ParticleLightQuality:2]]
[2021.03.05-01.38.54:693][  0]LogConfig: Setting CVar [[r.SkyAtmosphere.AerialPerspectiveLUT.FastApplyOnOpaque:1 ; Always have FastSkyLUT 1 in this case to avoid wrong sky]]
[2021.03.05-01.38.54:693][  0]LogConfig: Setting CVar [[r.SkyAtmosphere.AerialPerspectiveLUT.SampleCountPerSlice:1]]
[2021.03.05-01.38.54:693][  0]LogConfig: Setting CVar [[r.SkyAtmosphere.AerialPerspectiveLUT.DepthResolution:16.0]]
[2021.03.05-01.38.54:693][  0]LogConfig: Setting CVar [[r.SkyAtmosphere.FastSkyLUT:1]]
[2021.03.05-01.38.54:693][  0]LogConfig: Setting CVar [[r.SkyAtmosphere.FastSkyLUT.SampleCountMin:4.0]]
[2021.03.05-01.38.54:693][  0]LogConfig: Setting CVar [[r.SkyAtmosphere.FastSkyLUT.SampleCountMax:32.0]]
[2021.03.05-01.38.54:693][  0]LogConfig: Setting CVar [[r.SkyAtmosphere.SampleCountMin:4.0]]
[2021.03.05-01.38.54:693][  0]LogConfig: Setting CVar [[r.SkyAtmosphere.SampleCountMax:32.0]]
[2021.03.05-01.38.54:693][  0]LogConfig: Setting CVar [[r.SkyAtmosphere.TransmittanceLUT.UseSmallFormat:0]]
[2021.03.05-01.38.54:693][  0]LogConfig: Setting CVar [[r.SkyAtmosphere.TransmittanceLUT.SampleCount:10.0]]
[2021.03.05-01.38.54:693][  0]LogConfig: Setting CVar [[r.SkyAtmosphere.MultiScatteringLUT.SampleCount:15.0]]
[2021.03.05-01.38.54:693][  0]LogConfig: Setting CVar [[fx.Niagara.QualityLevel:3]]
[2021.03.05-01.38.54:693][  0]LogConfig: Applying CVar settings from Section [FoliageQuality@3] File [../../../MyProject5/Saved/Config/WindowsNoEditor/Scalability.ini]
[2021.03.05-01.38.54:693][  0]LogConfig: Setting CVar [[foliage.DensityScale:1.0]]
[2021.03.05-01.38.54:693][  0]LogConfig: Setting CVar [[grass.DensityScale:1.0]]
[2021.03.05-01.38.54:693][  0]LogConfig: Applying CVar settings from Section [ShadingQuality@3] File [../../../MyProject5/Saved/Config/WindowsNoEditor/Scalability.ini]
[2021.03.05-01.38.54:693][  0]LogConfig: Setting CVar [[r.HairStrands.SkyLighting.SampleCount:16]]
[2021.03.05-01.38.54:693][  0]LogConfig: Setting CVar [[r.HairStrands.SkyLighting.JitterIntegration:0]]
[2021.03.05-01.38.54:693][  0]LogConfig: Setting CVar [[r.HairStrands.SkyAO.SampleCount:16]]
[2021.03.05-01.38.54:693][  0]LogConfig: Setting CVar [[r.HairStrands.DeepShadow.SuperSampling:0]]
[2021.03.05-01.38.54:693][  0]LogConfig: Setting CVar [[r.HairStrands.VisibilityPPLL:0]]
[2021.03.05-01.38.54:693][  0]LogConfig: Setting CVar [[r.HairStrands.RasterizationScale:0.5]]
[2021.03.05-01.38.54:693][  0]LogConfig: Setting CVar [[r.HairStrands.VelocityRasterizationScale:1]]
[2021.03.05-01.38.54:693][  0]LogInit: Selected Device Profile: [WindowsNoEditor]
[2021.03.05-01.38.54:693][  0]LogInit: Applying CVar settings loaded from the selected device profile: [WindowsNoEditor]
[2021.03.05-01.38.54:693][  0]LogHAL: Display: Platform has ~ 32 GB [34275020800 / 34359738368 / 32], which maps to Largest [LargestMinGB=32, LargerMinGB=12, DefaultMinGB=8, SmallerMinGB=6, SmallestMinGB=0)
[2021.03.05-01.38.54:693][  0]LogInit: Going up to parent DeviceProfile [Windows]
[2021.03.05-01.38.54:693][  0]LogInit: Going up to parent DeviceProfile []
[2021.03.05-01.38.54:693][  0]LogConfig: Applying CVar settings from Section [ViewDistanceQuality@3] File [../../../MyProject5/Saved/Config/WindowsNoEditor/Scalability.ini]
[2021.03.05-01.38.54:693][  0]LogConfig: Setting CVar [[r.SkeletalMeshLODBias:0]]
[2021.03.05-01.38.54:693][  0]LogConfig: Setting CVar [[r.ViewDistanceScale:1.0]]
[2021.03.05-01.38.54:693][  0]LogConfig: Applying CVar settings from Section [AntiAliasingQuality@3] File [../../../MyProject5/Saved/Config/WindowsNoEditor/Scalability.ini]
[2021.03.05-01.38.54:693][  0]LogConfig: Setting CVar [[r.PostProcessAAQuality:4]]
[2021.03.05-01.38.54:693][  0]LogConfig: Applying CVar settings from Section [ShadowQuality@3] File [../../../MyProject5/Saved/Config/WindowsNoEditor/Scalability.ini]
[2021.03.05-01.38.54:693][  0]LogConfig: Setting CVar [[r.LightFunctionQuality:1]]
[2021.03.05-01.38.54:693][  0]LogConfig: Setting CVar [[r.ShadowQuality:5]]
[2021.03.05-01.38.54:693][  0]LogConfig: Setting CVar [[r.Shadow.CSM.MaxCascades:10]]
[2021.03.05-01.38.54:693][  0]LogConfig: Setting CVar [[r.Shadow.MaxResolution:2048]]
[2021.03.05-01.38.54:693][  0]LogConfig: Setting CVar [[r.Shadow.MaxCSMResolution:2048]]
[2021.03.05-01.38.54:693][  0]LogConfig: Setting CVar [[r.Shadow.RadiusThreshold:0.01]]
[2021.03.05-01.38.54:693][  0]LogConfig: Setting CVar [[r.Shadow.DistanceScale:1.0]]
[2021.03.05-01.38.54:693][  0]LogConfig: Setting CVar [[r.Shadow.CSM.TransitionScale:1.0]]
[2021.03.05-01.38.54:693][  0]LogConfig: Setting CVar [[r.Shadow.PreShadowResolutionFactor:1.0]]
[2021.03.05-01.38.54:693][  0]LogConfig: Setting CVar [[r.DistanceFieldShadowing:1]]
[2021.03.05-01.38.54:693][  0]LogConfig: Setting CVar [[r.DistanceFieldAO:1]]
[2021.03.05-01.38.54:693][  0]LogConfig: Setting CVar [[r.AOQuality:2]]
[2021.03.05-01.38.54:693][  0]LogConfig: Setting CVar [[r.VolumetricFog:1]]
[2021.03.05-01.38.54:693][  0]LogConfig: Setting CVar [[r.VolumetricFog.GridPixelSize:8]]
[2021.03.05-01.38.54:693][  0]LogConfig: Setting CVar [[r.VolumetricFog.GridSizeZ:128]]
[2021.03.05-01.38.54:693][  0]LogConfig: Setting CVar [[r.VolumetricFog.HistoryMissSupersampleCount:4]]
[2021.03.05-01.38.54:693][  0]LogConfig: Setting CVar [[r.LightMaxDrawDistanceScale:1]]
[2021.03.05-01.38.54:693][  0]LogConfig: Setting CVar [[r.CapsuleShadows:1]]
[2021.03.05-01.38.54:693][  0]LogConfig: Applying CVar settings from Section [PostProcessQuality@3] File [../../../MyProject5/Saved/Config/WindowsNoEditor/Scalability.ini]
[2021.03.05-01.38.54:693][  0]LogConfig: Setting CVar [[r.MotionBlurQuality:4]]
[2021.03.05-01.38.54:693][  0]LogConfig: Setting CVar [[r.AmbientOcclusionMipLevelFactor:0.4]]
[2021.03.05-01.38.54:693][  0]LogConfig: Setting CVar [[r.AmbientOcclusionMaxQuality:100]]
[2021.03.05-01.38.54:693][  0]LogConfig: Setting CVar [[r.AmbientOcclusionLevels:-1]]
[2021.03.05-01.38.54:693][  0]LogConfig: Setting CVar [[r.AmbientOcclusionRadiusScale:1.0]]
[2021.03.05-01.38.54:693][  0]LogConfig: Setting CVar [[r.DepthOfFieldQuality:2]]
[2021.03.05-01.38.54:693][  0]LogConfig: Setting CVar [[r.RenderTargetPoolMin:400]]
[2021.03.05-01.38.54:693][  0]LogConfig: Setting CVar [[r.LensFlareQuality:2]]
[2021.03.05-01.38.54:693][  0]LogConfig: Setting CVar [[r.SceneColorFringeQuality:1]]
[2021.03.05-01.38.54:693][  0]LogConfig: Setting CVar [[r.EyeAdaptationQuality:2]]
[2021.03.05-01.38.54:693][  0]LogConfig: Setting CVar [[r.BloomQuality:5]]
[2021.03.05-01.38.54:693][  0]LogConfig: Setting CVar [[r.FastBlurThreshold:100]]
[2021.03.05-01.38.54:693][  0]LogConfig: Setting CVar [[r.Upscale.Quality:3]]
[2021.03.05-01.38.54:693][  0]LogConfig: Setting CVar [[r.Tonemapper.GrainQuantization:1]]
[2021.03.05-01.38.54:693][  0]LogConfig: Setting CVar [[r.LightShaftQuality:1]]
[2021.03.05-01.38.54:693][  0]LogConfig: Setting CVar [[r.Filter.SizeScale:1]]
[2021.03.05-01.38.54:693][  0]LogConfig: Setting CVar [[r.Tonemapper.Quality:5]]
[2021.03.05-01.38.54:694][  0]LogConfig: Setting CVar [[r.DOF.Gather.AccumulatorQuality:1        ; higher gathering accumulator quality]]
[2021.03.05-01.38.54:694][  0]LogConfig: Setting CVar [[r.DOF.Gather.PostfilterMethod:1          ; Median3x3 postfilering method]]
[2021.03.05-01.38.54:694][  0]LogConfig: Setting CVar [[r.DOF.Gather.EnableBokehSettings:0       ; no bokeh simulation when gathering]]
[2021.03.05-01.38.54:694][  0]LogConfig: Setting CVar [[r.DOF.Gather.RingCount:4                 ; medium number of samples when gathering]]
[2021.03.05-01.38.54:694][  0]LogConfig: Setting CVar [[r.DOF.Scatter.ForegroundCompositing:1    ; additive foreground scattering]]
[2021.03.05-01.38.54:694][  0]LogConfig: Setting CVar [[r.DOF.Scatter.BackgroundCompositing:2    ; additive background scattering]]
[2021.03.05-01.38.54:694][  0]LogConfig: Setting CVar [[r.DOF.Scatter.EnableBokehSettings:1      ; bokeh simulation when scattering]]
[2021.03.05-01.38.54:694][  0]LogConfig: Setting CVar [[r.DOF.Scatter.MaxSpriteRatio:0.1         ; only a maximum of 10% of scattered bokeh]]
[2021.03.05-01.38.54:694][  0]LogConfig: Setting CVar [[r.DOF.Recombine.Quality:1                ; cheap slight out of focus]]
[2021.03.05-01.38.54:694][  0]LogConfig: Setting CVar [[r.DOF.Recombine.EnableBokehSettings:0    ; no bokeh simulation on slight out of focus]]
[2021.03.05-01.38.54:694][  0]LogConfig: Setting CVar [[r.DOF.TemporalAAQuality:1                ; more stable temporal accumulation]]
[2021.03.05-01.38.54:694][  0]LogConfig: Setting CVar [[r.DOF.Kernel.MaxForegroundRadius:0.025]]
[2021.03.05-01.38.54:694][  0]LogConfig: Setting CVar [[r.DOF.Kernel.MaxBackgroundRadius:0.025]]
[2021.03.05-01.38.54:694][  0]LogConfig: Applying CVar settings from Section [TextureQuality@3] File [../../../MyProject5/Saved/Config/WindowsNoEditor/Scalability.ini]
[2021.03.05-01.38.54:694][  0]LogConfig: Setting CVar [[r.Streaming.MipBias:0]]
[2021.03.05-01.38.54:694][  0]LogConfig: Setting CVar [[r.Streaming.AmortizeCPUToGPUCopy:0]]
[2021.03.05-01.38.54:694][  0]LogConfig: Setting CVar [[r.Streaming.MaxNumTexturesToStreamPerFrame:0]]
[2021.03.05-01.38.54:694][  0]LogConfig: Setting CVar [[r.Streaming.Boost:1]]
[2021.03.05-01.38.54:694][  0]LogConfig: Setting CVar [[r.MaxAnisotropy:8]]
[2021.03.05-01.38.54:694][  0]LogConfig: Setting CVar [[r.VT.MaxAnisotropy:8]]
[2021.03.05-01.38.54:694][  0]LogConfig: Setting CVar [[r.Streaming.LimitPoolSizeToVRAM:0]]
[2021.03.05-01.38.54:694][  0]LogConfig: Setting CVar [[r.Streaming.PoolSize:1000]]
[2021.03.05-01.38.54:694][  0]LogConfig: Setting CVar [[r.Streaming.MaxEffectiveScreenSize:0]]
[2021.03.05-01.38.54:694][  0]LogConfig: Applying CVar settings from Section [EffectsQuality@3] File [../../../MyProject5/Saved/Config/WindowsNoEditor/Scalability.ini]
[2021.03.05-01.38.54:694][  0]LogConfig: Setting CVar [[r.TranslucencyLightingVolumeDim:64]]
[2021.03.05-01.38.54:694][  0]LogConfig: Setting CVar [[r.RefractionQuality:2]]
[2021.03.05-01.38.54:694][  0]LogConfig: Setting CVar [[r.SSR.Quality:3]]
[2021.03.05-01.38.54:694][  0]LogConfig: Setting CVar [[r.SSR.HalfResSceneColor:0]]
[2021.03.05-01.38.54:694][  0]LogConfig: Setting CVar [[r.SceneColorFormat:4]]
[2021.03.05-01.38.54:694][  0]LogConfig: Setting CVar [[r.DetailMode:2]]
[2021.03.05-01.38.54:694][  0]LogConfig: Setting CVar [[r.TranslucencyVolumeBlur:1]]
[2021.03.05-01.38.54:694][  0]LogConfig: Setting CVar [[r.MaterialQualityLevel:1 ; High quality]]
[2021.03.05-01.38.54:694][  0]LogConfig: Setting CVar [[r.SSS.Scale:1]]
[2021.03.05-01.38.54:694][  0]LogConfig: Setting CVar [[r.SSS.SampleSet:2]]
[2021.03.05-01.38.54:694][  0]LogConfig: Setting CVar [[r.SSS.Quality:1]]
[2021.03.05-01.38.54:694][  0]LogConfig: Setting CVar [[r.SSS.HalfRes:0]]
[2021.03.05-01.38.54:694][  0]LogConfig: Setting CVar [[r.SSGI.Quality:3]]
[2021.03.05-01.38.54:694][  0]LogConfig: Setting CVar [[r.EmitterSpawnRateScale:1.0]]
[2021.03.05-01.38.54:694][  0]LogConfig: Setting CVar [[r.ParticleLightQuality:2]]
[2021.03.05-01.38.54:694][  0]LogConfig: Setting CVar [[r.SkyAtmosphere.AerialPerspectiveLUT.FastApplyOnOpaque:1 ; Always have FastSkyLUT 1 in this case to avoid wrong sky]]
[2021.03.05-01.38.54:694][  0]LogConfig: Setting CVar [[r.SkyAtmosphere.AerialPerspectiveLUT.SampleCountPerSlice:1]]
[2021.03.05-01.38.54:694][  0]LogConfig: Setting CVar [[r.SkyAtmosphere.AerialPerspectiveLUT.DepthResolution:16.0]]
[2021.03.05-01.38.54:694][  0]LogConfig: Setting CVar [[r.SkyAtmosphere.FastSkyLUT:1]]
[2021.03.05-01.38.54:694][  0]LogConfig: Setting CVar [[r.SkyAtmosphere.FastSkyLUT.SampleCountMin:4.0]]
[2021.03.05-01.38.54:694][  0]LogConfig: Setting CVar [[r.SkyAtmosphere.FastSkyLUT.SampleCountMax:32.0]]
[2021.03.05-01.38.54:694][  0]LogConfig: Setting CVar [[r.SkyAtmosphere.SampleCountMin:4.0]]
[2021.03.05-01.38.54:694][  0]LogConfig: Setting CVar [[r.SkyAtmosphere.SampleCountMax:32.0]]
[2021.03.05-01.38.54:694][  0]LogConfig: Setting CVar [[r.SkyAtmosphere.TransmittanceLUT.UseSmallFormat:0]]
[2021.03.05-01.38.54:694][  0]LogConfig: Setting CVar [[r.SkyAtmosphere.TransmittanceLUT.SampleCount:10.0]]
[2021.03.05-01.38.54:694][  0]LogConfig: Setting CVar [[r.SkyAtmosphere.MultiScatteringLUT.SampleCount:15.0]]
[2021.03.05-01.38.54:694][  0]LogConfig: Setting CVar [[fx.Niagara.QualityLevel:3]]
[2021.03.05-01.38.54:694][  0]LogConfig: Applying CVar settings from Section [FoliageQuality@3] File [../../../MyProject5/Saved/Config/WindowsNoEditor/Scalability.ini]
[2021.03.05-01.38.54:694][  0]LogConfig: Setting CVar [[foliage.DensityScale:1.0]]
[2021.03.05-01.38.54:694][  0]LogConfig: Setting CVar [[grass.DensityScale:1.0]]
[2021.03.05-01.38.54:694][  0]LogConfig: Applying CVar settings from Section [ShadingQuality@3] File [../../../MyProject5/Saved/Config/WindowsNoEditor/Scalability.ini]
[2021.03.05-01.38.54:694][  0]LogConfig: Setting CVar [[r.HairStrands.SkyLighting.SampleCount:16]]
[2021.03.05-01.38.54:694][  0]LogConfig: Setting CVar [[r.HairStrands.SkyLighting.JitterIntegration:0]]
[2021.03.05-01.38.54:694][  0]LogConfig: Setting CVar [[r.HairStrands.SkyAO.SampleCount:16]]
[2021.03.05-01.38.54:694][  0]LogConfig: Setting CVar [[r.HairStrands.DeepShadow.SuperSampling:0]]
[2021.03.05-01.38.54:694][  0]LogConfig: Setting CVar [[r.HairStrands.VisibilityPPLL:0]]
[2021.03.05-01.38.54:694][  0]LogConfig: Setting CVar [[r.HairStrands.RasterizationScale:0.5]]
[2021.03.05-01.38.54:694][  0]LogConfig: Setting CVar [[r.HairStrands.VelocityRasterizationScale:1]]
[2021.03.05-01.38.54:694][  0]LogConfig: Applying CVar settings from Section [Startup] File [../../../Engine/Config/ConsoleVariables.ini]
[2021.03.05-01.38.54:694][  0]LogConfig: Setting CVar [[net.UseAdaptiveNetUpdateFrequency:0]]
[2021.03.05-01.38.54:694][  0]LogConfig: Setting CVar [[p.chaos.AllowCreatePhysxBodies:1]]
[2021.03.05-01.38.54:694][  0]LogConfig: Setting CVar [[fx.SkipVectorVMBackendOptimizations:1]]
[2021.03.05-01.38.54:694][  0]LogConfig: Applying CVar settings from Section [ConsoleVariables] File [../../../MyProject5/Saved/Config/WindowsNoEditor/Engine.ini]
[2021.03.05-01.38.54:694][  0]LogInit: Computer: DESKTOP-M9SDCCU
[2021.03.05-01.38.54:694][  0]LogInit: User: Usuario
[2021.03.05-01.38.54:694][  0]LogInit: CPU Page size=4096, Cores=8
[2021.03.05-01.38.54:694][  0]LogInit: High frequency timer resolution =10.000000 MHz
[2021.03.05-01.38.54:695][  0]LogMemory: Memory total: Physical=31.9GB (32GB approx)
[2021.03.05-01.38.54:695][  0]LogMemory: Platform Memory Stats for WindowsNoEditor
[2021.03.05-01.38.54:695][  0]LogMemory: Process Physical Memory: 121.91 MB used, 121.91 MB peak
[2021.03.05-01.38.54:695][  0]LogMemory: Process Virtual Memory: 83.45 MB used, 83.45 MB peak
[2021.03.05-01.38.54:695][  0]LogMemory: Physical Memory: 15596.75 MB used,  17090.46 MB free, 32687.21 MB total
[2021.03.05-01.38.54:695][  0]LogMemory: Virtual Memory: 5024.32 MB used,  134212704.00 MB free, 134217728.00 MB total
[2021.03.05-01.38.54:697][  0]LogWindows: WindowsPlatformFeatures enabled
[2021.03.05-01.38.54:714][  0]LogInit: Physics initialised using underlying interface: PhysX
[2021.03.05-01.38.54:715][  0]LogInit: Using OS detected language (es-MX).
[2021.03.05-01.38.54:715][  0]LogInit: Using OS detected locale (es-MX).
[2021.03.05-01.38.54:715][  0]LogTextLocalizationManager: No localization for 'es-MX' exists, so 'en' will be used for the language.
[2021.03.05-01.38.54:715][  0]LogTextLocalizationManager: No localization for 'es-MX' exists, so 'en' will be used for the locale.
[2021.03.05-01.38.54:745][  0]LogSlate: New Slate User Created.  User Index 0, Is Virtual User: 0
[2021.03.05-01.38.54:746][  0]LogSlate: Slate User Registered.  User Index 0, Is Virtual User: 0
[2021.03.05-01.38.54:763][  0]LogHMD: Failed to initialize OpenVR with code 110
[2021.03.05-01.38.54:763][  0]LogD3D11RHI: D3D11 min allowed feature level: 11_0
[2021.03.05-01.38.54:763][  0]LogD3D11RHI: D3D11 max allowed feature level: 11_0
[2021.03.05-01.38.54:763][  0]LogD3D11RHI: D3D11 adapters:
[2021.03.05-01.38.54:817][  0]LogD3D11RHI:    0. 'Radeon RX 580 Series' (Feature Level 11_0)
[2021.03.05-01.38.54:817][  0]LogD3D11RHI:       4075/0/16343 MB DedicatedVideo/DedicatedSystem/SharedSystem, Outputs:2, VendorId:0x1002
[2021.03.05-01.38.54:820][  0]LogD3D11RHI:    1. 'Microsoft Basic Render Driver' (Feature Level 11_0)
[2021.03.05-01.38.54:820][  0]LogD3D11RHI:       0/0/16343 MB DedicatedVideo/DedicatedSystem/SharedSystem, Outputs:0, VendorId:0x1414
[2021.03.05-01.38.54:820][  0]LogD3D11RHI: Chosen D3D11 Adapter: 0
[2021.03.05-01.38.54:833][  0]LogD3D11RHI: Creating new Direct3DDevice
[2021.03.05-01.38.54:833][  0]LogD3D11RHI:     GPU DeviceId: 0x67df (for the marketing name, search the web for "GPU Device Id")
[2021.03.05-01.38.54:833][  0]LogWindows: EnumDisplayDevices:
[2021.03.05-01.38.54:833][  0]LogWindows:    0. 'Radeon RX 580 Series' (P:1 D:1)
[2021.03.05-01.38.54:834][  0]LogWindows:    1. 'Radeon RX 580 Series' (P:0 D:1)
[2021.03.05-01.38.54:834][  0]LogWindows:    2. 'Radeon RX 580 Series' (P:0 D:0)
[2021.03.05-01.38.54:834][  0]LogWindows:    3. 'Radeon RX 580 Series' (P:0 D:0)
[2021.03.05-01.38.54:835][  0]LogWindows:    4. 'Radeon RX 580 Series' (P:0 D:0)
[2021.03.05-01.38.54:835][  0]LogWindows:    5. 'Radeon RX 580 Series' (P:0 D:0)
[2021.03.05-01.38.54:835][  0]LogWindows:    6. 'Radeon RX 580 Series' (P:0 D:0)
[2021.03.05-01.38.54:835][  0]LogWindows:    7. 'Radeon RX 580 Series' (P:0 D:0)
[2021.03.05-01.38.54:836][  0]LogWindows: DebugString: FoundDriverCount:8 
[2021.03.05-01.38.54:836][  0]LogD3D11RHI:     Adapter Name: Radeon RX 580 Series
[2021.03.05-01.38.54:836][  0]LogD3D11RHI:   Driver Version: Adrenalin 2020 20.12.1 (internal:27.20.14501.28009, unified:27.20.14501.28009)
[2021.03.05-01.38.54:836][  0]LogD3D11RHI:      Driver Date: 12-4-2020
[2021.03.05-01.38.54:836][  0]LogRHI: Texture pool is 2425 MB (70% of 3464 MB)
[2021.03.05-01.38.55:030][  0]LogD3D11RHI: RHI has support for 64 bit atomics
[2021.03.05-01.38.55:030][  0]LogD3D11RHI: Async texture creation enabled
[2021.03.05-01.38.55:030][  0]LogD3D11RHI: Array index from any shader is supported
[2021.03.05-01.38.55:040][  0]LogD3D11RHI: GPU Timing Frequency: 25.000000 (Debug: 2 1)
[2021.03.05-01.38.55:041][  0]LogShaderLibrary: Display: Using ../../../MyProject5/Content/ShaderArchive-Global-PCD3D_SM5.ushaderbytecode for material shader code. Total 2058 unique shaders.
[2021.03.05-01.38.55:041][  0]LogShaderLibrary: Display: Cooked Context: Using Shared Shader Library Global
[2021.03.05-01.38.55:042][  0]LogTemp: Warning: Clearing the OS Cache
[2021.03.05-01.38.55:042][  0]LogPakFile: New pak file ../../../MyProject5/Content/Paks/MyProject5-WindowsNoEditor.pak added to pak precacher.
[2021.03.05-01.38.55:059][  0]LogSlate: Using FreeType 2.10.0
[2021.03.05-01.38.55:059][  0]LogSlate: SlateFontServices - WITH_FREETYPE: 1, WITH_HARFBUZZ: 1
[2021.03.05-01.38.55:102][  0]LogShaderLibrary: Display: Using ../../../MyProject5/Content/ShaderArchive-MyProject5-PCD3D_SM5.ushaderbytecode for material shader code. Total 1242 unique shaders.
[2021.03.05-01.38.55:102][  0]LogShaderLibrary: Display: Cooked Context: Using Shared Shader Library MyProject5
[2021.03.05-01.38.55:102][  0]LogRHI: Display: Opened pipeline cache after state change and enqueued 0 of 0 tasks for precompile.
[2021.03.05-01.38.55:102][  0]LogRHI: Display: Failed to open default shader pipeline cache for MyProject5 using shader platform 0.
[2021.03.05-01.38.55:103][  0]LogRHI: Display: Failed to open default shader pipeline cache for MyProject5 using shader platform 0.
[2021.03.05-01.38.55:103][  0]LogInit: Using OS detected language (es-MX).
[2021.03.05-01.38.55:103][  0]LogInit: Using OS detected locale (es-MX).
[2021.03.05-01.38.55:103][  0]LogTextLocalizationManager: No localization for 'es-MX' exists, so 'en' will be used for the language.
[2021.03.05-01.38.55:103][  0]LogTextLocalizationManager: No localization for 'es-MX' exists, so 'en' will be used for the locale.
[2021.03.05-01.38.55:104][  0]LogTextLocalizationManager: Compacting localization data took   0.60ms
[2021.03.05-01.38.55:106][  0]LogAssetRegistry: FAssetRegistry took 0.0022 seconds to start up
[2021.03.05-01.38.55:185][  0]LogStreaming: Display: Flushing async loaders.
[2021.03.05-01.38.55:185][  0]LogPackageLocalizationCache: Processed 18 localized package path(s) for 1 prioritized culture(s) in 0.000061 seconds
[2021.03.05-01.38.55:187][  0]LogInit: Selected Device Profile: [WindowsNoEditor]
[2021.03.05-01.38.55:219][  0]LogNetVersion: MyProject5 1.0.0, NetCL: 13144385, EngineNetVer: 14, GameNetVer: 0 (Checksum: 2320164301)
[2021.03.05-01.38.55:241][  0]LogAudioCaptureCore: Display: No Audio Capture implementations found. Audio input will be silent.
[2021.03.05-01.38.55:241][  0]LogAudioCaptureCore: Display: No Audio Capture implementations found. Audio input will be silent.
[2021.03.05-01.38.55:257][  0]LogAISub: UAISubsystem::UAISubsystem AISubsystem (0000019CA9486CC0), frame # 0
[2021.03.05-01.38.55:257][  0]LogAISub: UAISubsystem::UAISubsystem AIPerceptionSystem (0000019CA5813A80), frame # 0
[2021.03.05-01.38.55:258][  0]LogAISub: UAISubsystem::UAISubsystem EnvQueryManager (0000019CA98B1600), frame # 0
[2021.03.05-01.38.55:264][  0]LogMoviePlayer: Initializing movie player
[2021.03.05-01.38.55:266][  0]LogAndroidPermission: UAndroidPermissionCallbackProxy::GetInstance
[2021.03.05-01.38.55:266][  0]LogOcInput: OculusInput pre-init called
[2021.03.05-01.38.55:269][  0]LogUObjectArray: 14411 objects as part of root set at end of initial load.
[2021.03.05-01.38.55:269][  0]LogUObjectArray: 2 objects are not in the root set, but can never be destroyed because they are in the DisregardForGC set.
[2021.03.05-01.38.55:269][  0]LogUObjectAllocator: 2914232 out of 0 bytes used by permanent object pool.
[2021.03.05-01.38.55:269][  0]LogUObjectArray: CloseDisregardForGC: 14411/14411 objects in disregard for GC pool
[2021.03.05-01.38.55:271][  0]LogEngine: Initializing Engine...
[2021.03.05-01.38.55:271][  0]LogHMD: Failed to initialize OpenVR with code 110
[2021.03.05-01.38.55:272][  0]LogStats: UGameplayTagsManager::InitializeManager -  0.000 s
[2021.03.05-01.38.55:317][  0]LogPakFile: Precache HighWater 16MB

[2021.03.05-01.38.55:317][  0]LogPakFile: Precache HighWater 32MB

[2021.03.05-01.38.55:317][  0]LogInit: Initializing FReadOnlyCVARCache
[2021.03.05-01.38.55:317][  0]LogAudioMixer: Display: Audio Mixer Platform Settings:
[2021.03.05-01.38.55:317][  0]LogAudioMixer: Display: 	Sample Rate:						  48000
[2021.03.05-01.38.55:317][  0]LogAudioMixer: Display: 	Callback Buffer Frame Size Requested: 1024
[2021.03.05-01.38.55:317][  0]LogAudioMixer: Display: 	Callback Buffer Frame Size To Use:	  1024
[2021.03.05-01.38.55:317][  0]LogAudioMixer: Display: 	Number of buffers to queue:			  2
[2021.03.05-01.38.55:317][  0]LogAudioMixer: Display: 	Max Channels (voices):				  32
[2021.03.05-01.38.55:317][  0]LogAudioMixer: Display: 	Number of Async Source Workers:		  0
[2021.03.05-01.38.55:317][  0]LogAudio: Display: AudioDevice MaxSources: 32
[2021.03.05-01.38.55:317][  0]LogAudio: Display: Using built-in audio occlusion.
[2021.03.05-01.38.55:317][  0]LogAudioMixer: Display: Initializing audio mixer.
[2021.03.05-01.38.55:327][  0]LogAudioDebug: Display: Lib vorbis DLL was dynamically loaded.
[2021.03.05-01.38.55:336][  0]LogAudioMixer: Display: 0: FrontLeft
[2021.03.05-01.38.55:336][  0]LogAudioMixer: Display: 1: FrontRight
[2021.03.05-01.38.55:361][  0]LogAudioMixer: Display: Using Audio Device Altavoces (Realtek High Definition Audio)
[2021.03.05-01.38.55:361][  0]LogAudioMixer: Display: Initializing Sound Submixes...
[2021.03.05-01.38.55:362][  0]LogAudioMixer: Display: Creating Master Submix 'MasterSubmixDefault'
[2021.03.05-01.38.55:362][  0]LogAudioMixer: Display: Creating Master Submix 'MasterReverbSubmixDefault'
[2021.03.05-01.38.55:363][  0]LogAudioMixer: Display: Creating Master Submix 'MasterEQSubmixDefault'
[2021.03.05-01.38.55:364][  0]LogInit: FAudioDevice initialized.
[2021.03.05-01.38.55:364][  0]LogNetVersion: Set ProjectVersion to 1.0.0.0. Version Checksum will be recalculated on next use.
[2021.03.05-01.38.55:364][  0]LogInit: Texture streaming: Enabled
[2021.03.05-01.38.55:367][  0]LogSlate: Updating window title bar state: overlay mode, drag disabled, window buttons hidden, title bar hidden
[2021.03.05-01.38.55:367][  0]LogInit: Display: Game Engine Initialized.
[2021.03.05-01.38.55:368][  0]LogInit: Display: Starting Game.
[2021.03.05-01.38.55:368][  0]LogNet: Browse: /Game/ThirdPersonBP/Maps/MainMenu?Name=Player
[2021.03.05-01.38.55:368][  0]LogLoad: LoadMap: /Game/ThirdPersonBP/Maps/MainMenu?Name=Player
[2021.03.05-01.38.55:368][  0]LogWorld: BeginTearingDown for /Temp/Untitled_0
[2021.03.05-01.38.55:369][  0]LogWorld: UWorld::CleanupWorld for Untitled, bSessionEnded=true, bCleanupResources=true
[2021.03.05-01.38.55:369][  0]LogSlate: InvalidateAllWidgets triggered.  All widgets were invalidated
[2021.03.05-01.38.55:372][  0]LogUObjectHash: Compacting FUObjectHashTables data took   0.72ms
[2021.03.05-01.38.55:378][  0]LogAIModule: Creating AISystem for world MainMenu
[2021.03.05-01.38.55:378][  0]LogAISub: UAISubsystem::UAISubsystem EnvQueryManager (0000019CA6CBAE00), frame # 0
[2021.03.05-01.38.55:378][  0]LogAISub: UAISubsystem::UAISubsystem AIPerceptionSystem (0000019CFFF8ED40), frame # 0
[2021.03.05-01.38.55:378][  0]LogLoad: Game class is 'MainMenuGameMode_C'
[2021.03.05-01.38.55:379][  0]LogWorld: Bringing World /Game/ThirdPersonBP/Maps/MainMenu.MainMenu up for play (max tick rate 0) at 2021.03.04-19.38.55
[2021.03.05-01.38.55:379][  0]LogWorld: Bringing up level for play took: 0.000160
[2021.03.05-01.38.55:380][  0]LogGameMode: FindPlayerStart: PATHS NOT DEFINED or NO PLAYERSTART with positive rating
[2021.03.05-01.38.55:381][  0]LogUMG: Display: Widget Class MainMenu_C - Loaded Fast Template.
[2021.03.05-01.38.55:382][  0]LogSerialization: Warning: Attempting to load a BulkData object that cannot be loaded from disk
[2021.03.05-01.38.55:382][  0]LogLoad: Took 0.013863 seconds to LoadMap(/Game/ThirdPersonBP/Maps/MainMenu)
[2021.03.05-01.38.55:382][  0]LogSlate: Took 0.000210 seconds to synchronously load lazily loaded font '../../../Engine/Content/EngineFonts/Faces/RobotoBold.ufont' (160K)
[2021.03.05-01.38.55:431][  0]LogRenderer: Reallocating scene render targets to support 1920x1080 Format 10 NumSamples 1 (Frame:1).
[2021.03.05-01.38.55:431][  0]LogRHI: Display: ShaderPipelineCache: Paused Batching. 1
[2021.03.05-01.38.55:431][  0]LogRHI: Display: ShaderPipelineCache: Resumed Batching. 0
[2021.03.05-01.38.55:431][  0]LogRHI: Display: ShaderPipelineCache: Batching Resumed.
[2021.03.05-01.38.55:431][  0]LogLoad: (Engine Initialization) Total time: 1.02 seconds
[2021.03.05-01.38.55:437][  0]LogContentStreaming: Texture pool size now 1000 MB
[2021.03.05-01.39.11:478][ 62]LogOnline: Warning: OSS: Async task 'FOnlineAsyncTaskSteamFindLobbiesForFindSessions bWasSuccessful: 0 NumResults: 10' failed in 15.091422 seconds
[2021.03.05-01.39.11:487][ 62]LogOnlineSession: STEAM: Found 9 lobbies, finalizing the search
[2021.03.05-01.39.11:892][ 74]LogOnlineSession: Warning: STEAM: Server response IP:37.10.126.113
[2021.03.05-01.39.11:892][ 74]LogOnlineSession: Warning: STEAM: Removed incompatible build: ServerBuildUniqueId = 0x00000000, GetBuildUniqueId() = 0x00c89141
[2021.03.05-01.39.11:993][ 77]LogOnlineSession: Warning: STEAM: Server response IP:104.248.128.106
[2021.03.05-01.39.11:993][ 77]LogOnlineSession: Warning: STEAM: Removed incompatible build: ServerBuildUniqueId = 0x00000000, GetBuildUniqueId() = 0x00c89141
[2021.03.05-01.39.12:043][ 78]LogOnlineSession: Warning: STEAM: Server response IP:31.186.103.206
[2021.03.05-01.39.12:043][ 78]LogOnlineSession: Warning: STEAM: Removed incompatible build: ServerBuildUniqueId = 0x00000000, GetBuildUniqueId() = 0x00c89141
[2021.03.05-01.39.12:043][ 78]LogScript: Warning: Script Msg: Attempted to access index 0 from array 'FoundSessions' of length 0 in '/Game/Blueprints/SteamGameInstance.SteamGameInstance_C'!
[2021.03.05-01.39.12:044][ 78]LogOnlineSession: Warning: STEAM: Invalid session info on search result
[2021.03.05-01.39.12:044][ 78]LogBlueprintUserMessages: [SteamGameInstance_C_2147482605] No Funciono
[2021.03.05-01.39.12:044][ 78]LogSlate: Took 0.000217 seconds to synchronously load lazily loaded font '../../../Engine/Content/Slate/Fonts/Roboto-Regular.ttf' (155K)
[2021.03.05-01.39.31:509][883]LogWindowsDesktop: Alt-F4 pressed!
[2021.03.05-01.39.31:509][883]LogSlate: Request Window 'MyProject5 (64-bit Development PCD3D_SM5) ' being destroyed
[2021.03.05-01.39.31:516][883]LogSlate: Window 'MyProject5 (64-bit Development PCD3D_SM5) ' being destroyed
[2021.03.05-01.39.31:517][883]LogWindowsTextInputMethodSystem: Display: IME system now deactivated.
[2021.03.05-01.39.31:524][883]LogSlate: Updating window title bar state: overlay mode, drag disabled, window buttons hidden, title bar hidden
[2021.03.05-01.39.31:524][883]LogEngine: All Windows Closed
[2021.03.05-01.39.31:524][883]LogWindows: FPlatformMisc::RequestExit(0)
[2021.03.05-01.39.31:524][883]LogCore: Engine exit requested (reason: Win RequestExit)
[2021.03.05-01.39.31:524][884]LogCore: Engine exit requested (reason: EngineExit() was called; note: exit was already requested)
[2021.03.05-01.39.31:525][884]LogAudio: Display: Shutting down audio device while 2 references to it are still alive. For more information, compile with INSTRUMENT_AUDIODEVICE_HANDLES.
[2021.03.05-01.39.31:572][884]LogInit: Display: PreExit Game.
[2021.03.05-01.39.31:584][884]LogWorld: BeginTearingDown for /Game/ThirdPersonBP/Maps/MainMenu
[2021.03.05-01.39.31:584][884]LogWorld: UWorld::CleanupWorld for MainMenu, bSessionEnded=true, bCleanupResources=true
[2021.03.05-01.39.31:584][884]LogSlate: InvalidateAllWidgets triggered.  All widgets were invalidated
[2021.03.05-01.39.32:296][884]LogExit: Preparing to exit.
[2021.03.05-01.39.32:296][884]LogMoviePlayer: Shutting down movie player
[2021.03.05-01.39.32:298][884]LogSlate: Updating window title bar state: overlay mode, drag disabled, window buttons hidden, title bar hidden
[2021.03.05-01.39.32:298][884]LogDemo: Cleaned up 0 splitscreen connections with owner deletion
[2021.03.05-01.39.32:299][884]LogExit: Game engine shut down
[2021.03.05-01.39.32:301][884]LogAISub: UAISubsystem::~UAISubsystem AISubsystem (0000019CA9486CC0), frame # 1884
[2021.03.05-01.39.32:301][884]LogAISub: UAISubsystem::~UAISubsystem AIPerceptionSystem (0000019CA5813A80), frame # 1884
[2021.03.05-01.39.32:301][884]LogAISub: UAISubsystem::~UAISubsystem EnvQueryManager (0000019CA98B1600), frame # 1884
[2021.03.05-01.39.32:301][884]LogAISub: UAISubsystem::~UAISubsystem EnvQueryManager (0000019CA6CBAE00), frame # 1884
[2021.03.05-01.39.32:301][884]LogAISub: UAISubsystem::~UAISubsystem AIPerceptionSystem (0000019CFFF8ED40), frame # 1884
[2021.03.05-01.39.32:310][884]LogExit: Object subsystem successfully closed.
[2021.03.05-01.39.32:317][884]LogModuleManager: Shutting down and abandoning module AutomationController (326)
[2021.03.05-01.39.32:317][884]LogModuleManager: Shutting down and abandoning module AutomationWorker (324)
[2021.03.05-01.39.32:317][884]LogModuleManager: Shutting down and abandoning module Voice (322)
[2021.03.05-01.39.32:317][884]LogModuleManager: Shutting down and abandoning module AIModule (320)
[2021.03.05-01.39.32:317][884]LogModuleManager: Shutting down and abandoning module GameplayDebugger (319)
[2021.03.05-01.39.32:317][884]LogModuleManager: Shutting down and abandoning module NavigationSystem (317)
[2021.03.05-01.39.32:317][884]LogModuleManager: Shutting down and abandoning module WebMMediaFactory (314)
[2021.03.05-01.39.32:317][884]LogModuleManager: Shutting down and abandoning module WebMMedia (312)
[2021.03.05-01.39.32:317][884]LogModuleManager: Shutting down and abandoning module OculusMR (310)
[2021.03.05-01.39.32:317][884]LogModuleManager: Shutting down and abandoning module WmfMediaFactory (308)
[2021.03.05-01.39.32:317][884]LogModuleManager: Shutting down and abandoning module OpenExrWrapper (306)
[2021.03.05-01.39.32:317][884]LogModuleManager: Shutting down and abandoning module ImgMediaFactory (304)
[2021.03.05-01.39.32:317][884]LogModuleManager: Shutting down and abandoning module AvfMediaFactory (302)
[2021.03.05-01.39.32:317][884]LogModuleManager: Shutting down and abandoning module CharacterAI (300)
[2021.03.05-01.39.32:317][884]LogModuleManager: Shutting down and abandoning module PlanarCut (298)
[2021.03.05-01.39.32:317][884]LogModuleManager: Shutting down and abandoning module SessionServices (296)
[2021.03.05-01.39.32:317][884]LogModuleManager: Shutting down and abandoning module LiveCoding (294)
[2021.03.05-01.39.32:317][884]LogModuleManager: Shutting down and abandoning module LevelSequence (292)
[2021.03.05-01.39.32:317][884]LogModuleManager: Shutting down and abandoning module MovieSceneTracks (290)
[2021.03.05-01.39.32:317][884]LogModuleManager: Shutting down and abandoning module MovieScene (288)
[2021.03.05-01.39.32:317][884]LogModuleManager: Shutting down and abandoning module StreamingPauseRendering (286)
[2021.03.05-01.39.32:317][884]LogModuleManager: Shutting down and abandoning module AudioMixerXAudio2 (284)
[2021.03.05-01.39.32:317][884]LogModuleManager: Shutting down and abandoning module AudioMixerCore (283)
[2021.03.05-01.39.32:317][884]LogModuleManager: Shutting down and abandoning module ImageWriteQueue (280)
[2021.03.05-01.39.32:318][884]LogModuleManager: Shutting down and abandoning module ProfilerService (278)
[2021.03.05-01.39.32:336][884]LogModuleManager: Shutting down and abandoning module TaskGraph (276)
[2021.03.05-01.39.32:336][884]LogModuleManager: Shutting down and abandoning module Synthesis (274)
[2021.03.05-01.39.32:336][884]LogModuleManager: Shutting down and abandoning module OculusInput (272)
[2021.03.05-01.39.32:336][884]LogModuleManager: Shutting down and abandoning module MobilePatchingUtils (270)
[2021.03.05-01.39.32:336][884]LogModuleManager: Shutting down and abandoning module GooglePAD (268)
[2021.03.05-01.39.32:336][884]LogModuleManager: Shutting down and abandoning module CustomMeshComponent (266)
[2021.03.05-01.39.32:336][884]LogModuleManager: Shutting down and abandoning module CableComponent (264)
[2021.03.05-01.39.32:336][884]LogModuleManager: Shutting down and abandoning module AudioCapture (262)
[2021.03.05-01.39.32:336][884]LogModuleManager: Shutting down and abandoning module AudioCaptureRtAudio (261)
[2021.03.05-01.39.32:336][884]LogModuleManager: Shutting down and abandoning module AssetTags (258)
[2021.03.05-01.39.32:336][884]LogModuleManager: Shutting down and abandoning module ArchVisCharacter (256)
[2021.03.05-01.39.32:336][884]LogModuleManager: Shutting down and abandoning module AppleImageUtils (254)
[2021.03.05-01.39.32:336][884]LogModuleManager: Shutting down and abandoning module AndroidPermission (252)
[2021.03.05-01.39.32:336][884]LogModuleManager: Shutting down and abandoning module TemplateSequence (248)
[2021.03.05-01.39.32:336][884]LogModuleManager: Shutting down and abandoning module MediaCompositing (246)
[2021.03.05-01.39.32:336][884]LogModuleManager: Shutting down and abandoning module ImgMedia (244)
[2021.03.05-01.39.32:336][884]LogModuleManager: Shutting down and abandoning module MagicLeapLightEstimation (242)
[2021.03.05-01.39.32:336][884]LogModuleManager: Shutting down and abandoning module MagicLeapHelperVulkan (240)
[2021.03.05-01.39.32:336][884]LogModuleManager: Shutting down and abandoning module MagicLeapHelperOpenGL (238)
[2021.03.05-01.39.32:336][884]LogModuleManager: Shutting down and abandoning module MagicLeapAudio (236)
[2021.03.05-01.39.32:336][884]LogModuleManager: Shutting down and abandoning module MagicLeapSharedWorld (234)
[2021.03.05-01.39.32:336][884]LogModuleManager: Shutting down and abandoning module ChaosNiagara (232)
[2021.03.05-01.39.32:336][884]LogModuleManager: Shutting down and abandoning module ProceduralMeshComponent (230)
[2021.03.05-01.39.32:336][884]LogModuleManager: Shutting down and abandoning module GeometryCollectionTracks (228)
[2021.03.05-01.39.32:336][884]LogModuleManager: Shutting down and abandoning module EditableMesh (226)
[2021.03.05-01.39.32:336][884]LogModuleManager: Shutting down and abandoning module MeshSolverUtilities (224)
[2021.03.05-01.39.32:336][884]LogModuleManager: Shutting down and abandoning module MeshConversion (222)
[2021.03.05-01.39.32:336][884]LogModuleManager: Shutting down and abandoning module DynamicMesh (220)
[2021.03.05-01.39.32:336][884]LogModuleManager: Shutting down and abandoning module GeometryAlgorithms (218)
[2021.03.05-01.39.32:336][884]LogModuleManager: Shutting down and abandoning module GeometricObjects (216)
[2021.03.05-01.39.32:336][884]LogModuleManager: Shutting down and abandoning module ChaosCloth (214)
[2021.03.05-01.39.32:336][884]LogModuleManager: Shutting down and abandoning module BackChannel (212)
[2021.03.05-01.39.32:336][884]LogModuleManager: Shutting down and abandoning module AutomationUtils (210)
[2021.03.05-01.39.32:336][884]LogModuleManager: Shutting down and abandoning module GeometryCacheTracks (208)
[2021.03.05-01.39.32:336][884]LogModuleManager: Shutting down and abandoning module GeometryCache (206)
[2021.03.05-01.39.32:336][884]LogModuleManager: Shutting down and abandoning module UObjectPlugin (204)
[2021.03.05-01.39.32:336][884]LogModuleManager: Shutting down and abandoning module MyProject5 (202)
[2021.03.05-01.39.32:336][884]LogModuleManager: Shutting down and abandoning module SoundFields (200)
[2021.03.05-01.39.32:336][884]LogModuleManager: Shutting down and abandoning module RuntimePhysXCooking (198)
[2021.03.05-01.39.32:336][884]LogModuleManager: Shutting down and abandoning module LocationServicesBPLibrary (194)
[2021.03.05-01.39.32:336][884]LogModuleManager: Shutting down and abandoning module ActorSequence (192)
[2021.03.05-01.39.32:336][884]LogModuleManager: Shutting down and abandoning module UdpMessaging (190)
[2021.03.05-01.39.32:336][884]LogModuleManager: Shutting down and abandoning module TcpMessaging (188)
[2021.03.05-01.39.32:336][884]LogModuleManager: Shutting down and abandoning module MagicLeapHandMeshing (186)
[2021.03.05-01.39.32:336][884]LogModuleManager: Shutting down and abandoning module MagicLeapSecureStorage (184)
[2021.03.05-01.39.32:336][884]LogModuleManager: Shutting down and abandoning module MagicLeapPrivileges (182)
[2021.03.05-01.39.32:336][884]LogModuleManager: Shutting down and abandoning module MagicLeapPlanes (180)
[2021.03.05-01.39.32:336][884]LogModuleManager: Shutting down and abandoning module MagicLeapImageTracker (178)
[2021.03.05-01.39.32:336][884]LogModuleManager: Shutting down and abandoning module MagicLeapIdentity (176)
[2021.03.05-01.39.32:336][884]LogModuleManager: Shutting down and abandoning module MagicLeapHandTracking (174)
[2021.03.05-01.39.32:336][884]LogModuleManager: Shutting down and abandoning module MagicLeapEyeTracker (172)
[2021.03.05-01.39.32:336][884]LogModuleManager: Shutting down and abandoning module MagicLeapController (170)
[2021.03.05-01.39.32:336][884]LogSlate: Slate User Destroyed.  User Index 0, Is Virtual User: 0
[2021.03.05-01.39.32:336][884]LogModuleManager: Shutting down and abandoning module MagicLeapARPinImpl (168)
[2021.03.05-01.39.32:336][884]LogModuleManager: Shutting down and abandoning module MagicLeapAR (166)
[2021.03.05-01.39.32:336][884]LogModuleManager: Shutting down and abandoning module AugmentedReality (165)
[2021.03.05-01.39.32:336][884]LogModuleManager: Shutting down and abandoning module MagicLeapARPin (162)
[2021.03.05-01.39.32:336][884]LogModuleManager: Shutting down and abandoning module NiagaraAnimNotifies (160)
[2021.03.05-01.39.32:336][884]LogModuleManager: Shutting down and abandoning module Niagara (158)
[2021.03.05-01.39.32:336][884]LogModuleManager: Shutting down and abandoning module SignalProcessing (157)
[2021.03.05-01.39.32:336][884]LogModuleManager: Shutting down and abandoning module NiagaraCore (154)
[2021.03.05-01.39.32:336][884]LogModuleManager: Shutting down and abandoning module FacialAnimation (152)
[2021.03.05-01.39.32:336][884]LogModuleManager: Shutting down and abandoning module SignificanceManager (150)
[2021.03.05-01.39.32:336][884]LogModuleManager: Shutting down and abandoning module AnimationSharing (148)
[2021.03.05-01.39.32:336][884]LogModuleManager: Shutting down and abandoning module LightPropagationVolumeRuntime (146)
[2021.03.05-01.39.32:336][884]LogModuleManager: Shutting down and abandoning module Paper2D (144)
[2021.03.05-01.39.32:336][884]LogModuleManager: Shutting down and abandoning module AdvancedSteamSessions (142)
[2021.03.05-01.39.32:336][884]LogModuleManager: Shutting down and abandoning module AdvancedSessions (140)
[2021.03.05-01.39.32:336][884]LogModuleManager: Shutting down and abandoning module WindowsMoviePlayer (138)
[2021.03.05-01.39.32:337][884]LogModuleManager: Shutting down and abandoning module WebMMoviePlayer (136)
[2021.03.05-01.39.32:337][884]LogModuleManager: Shutting down and abandoning module NetworkReplayStreaming (134)
[2021.03.05-01.39.32:337][884]LogModuleManager: Shutting down and abandoning module PacketHandler (132)
[2021.03.05-01.39.32:337][884]LogModuleManager: Shutting down and abandoning module ClothingSystemRuntimeNv (130)
[2021.03.05-01.39.32:337][884]LogModuleManager: Shutting down and abandoning module MediaAssets (128)
[2021.03.05-01.39.32:337][884]LogModuleManager: Shutting down and abandoning module Overlay (126)
[2021.03.05-01.39.32:337][884]LogModuleManager: Shutting down and abandoning module FunctionalTesting (124)
[2021.03.05-01.39.32:337][884]LogModuleManager: Shutting down and abandoning module MessageLog (122)
[2021.03.05-01.39.32:337][884]LogModuleManager: Shutting down and abandoning module UMG (120)
[2021.03.05-01.39.32:337][884]LogModuleManager: Shutting down and abandoning module SlateReflector (118)
[2021.03.05-01.39.32:337][884]LogModuleManager: Shutting down and abandoning module Slate (116)
[2021.03.05-01.39.32:337][884]LogModuleManager: Shutting down and abandoning module SlateCore (114)
[2021.03.05-01.39.32:337][884]LogModuleManager: Shutting down and abandoning module MRMesh (112)
[2021.03.05-01.39.32:337][884]LogModuleManager: Shutting down and abandoning module Messaging (110)
[2021.03.05-01.39.32:337][884]LogModuleManager: Shutting down and abandoning module HeadMountedDisplay (108)
[2021.03.05-01.39.32:337][884]LogModuleManager: Shutting down and abandoning module XAudio2 (106)
[2021.03.05-01.39.32:337][884]LogModuleManager: Shutting down and abandoning module Networking (104)
[2021.03.05-01.39.32:337][884]LogModuleManager: Shutting down and abandoning module Core (102)
[2021.03.05-01.39.32:337][884]LogModuleManager: Shutting down and abandoning module ImageWrapper (98)
[2021.03.05-01.39.32:337][884]LogModuleManager: Shutting down and abandoning module InputCore (96)
[2021.03.05-01.39.32:337][884]LogModuleManager: Shutting down and abandoning module Settings (94)
[2021.03.05-01.39.32:337][884]LogModuleManager: Shutting down and abandoning module PhysXCooking (92)
[2021.03.05-01.39.32:337][884]LogModuleManager: Shutting down and abandoning module ChaosSolvers (90)
[2021.03.05-01.39.32:337][884]LogModuleManager: Shutting down and abandoning module FieldSystemEngine (89)
[2021.03.05-01.39.32:337][884]LogModuleManager: Shutting down and abandoning module Chaos (86)
[2021.03.05-01.39.32:337][884]LogModuleManager: Shutting down and abandoning module WindowsPlatformFeatures (84)
[2021.03.05-01.39.32:337][884]LogModuleManager: Shutting down and abandoning module GameplayMediaEncoder (83)
[2021.03.05-01.39.32:337][884]LogModuleManager: Shutting down and abandoning module AVEncoder (82)
[2021.03.05-01.39.32:337][884]LogModuleManager: Shutting down and abandoning module SteamVRInputDevice (78)
[2021.03.05-01.39.32:337][884]LogModuleManager: Shutting down and abandoning module SteamVRInput (76)
[2021.03.05-01.39.32:337][884]LogModuleManager: Shutting down and abandoning module SteamVR (74)
[2021.03.05-01.39.32:337][884]LogHMD: Freeing OpenVRDLLHandle.
[2021.03.05-01.39.32:337][884]LogModuleManager: Shutting down and abandoning module OculusHMD (72)
[2021.03.05-01.39.32:337][884]LogModuleManager: Shutting down and abandoning module ExampleDeviceProfileSelector (70)
[2021.03.05-01.39.32:337][884]LogModuleManager: Shutting down and abandoning module LauncherChunkInstaller (68)
[2021.03.05-01.39.32:337][884]LogModuleManager: Shutting down and abandoning module WmfMedia (66)
[2021.03.05-01.39.32:337][884]LogModuleManager: Shutting down and abandoning module Media (65)
[2021.03.05-01.39.32:337][884]LogModuleManager: Shutting down and abandoning module MagicLeap (62)
[2021.03.05-01.39.32:337][884]LogModuleManager: Shutting down and abandoning module NiagaraVertexFactories (60)
[2021.03.05-01.39.32:337][884]LogModuleManager: Shutting down and abandoning module NiagaraShader (58)
[2021.03.05-01.39.32:337][884]LogModuleManager: Shutting down and abandoning module VariantManagerContent (56)
[2021.03.05-01.39.32:337][884]LogModuleManager: Shutting down and abandoning module DatasmithContent (54)
[2021.03.05-01.39.32:338][884]LogModuleManager: Shutting down and abandoning module AISupportModule (52)
[2021.03.05-01.39.32:338][884]LogModuleManager: Shutting down and abandoning module OnlineSubsystem (48)
[2021.03.05-01.39.32:338][884]LogOnline: Display: STEAM: OnlineSubsystemSteam::Shutdown()
[2021.03.05-01.39.32:338][884]LogOnline: STEAM: AUTH: Revoking all tickets.
[2021.03.05-01.39.32:338][884]LogSteamShared: Unloading the Steam API...
[2021.03.05-01.39.32:341][884]LogOnline: Display: STEAM: OnlineSubsystemSteam::Shutdown()
[2021.03.05-01.39.32:341][884]LogModuleManager: Shutting down and abandoning module SteamShared (44)
[2021.03.05-01.39.32:341][884]LogSteamShared: Freeing the Steam Loaded Modules...
[2021.03.05-01.39.32:341][884]LogModuleManager: Shutting down and abandoning module HTTP (41)
[2021.03.05-01.39.32:355][884]LogModuleManager: Shutting down and abandoning module SSL (40)
[2021.03.05-01.39.32:355][884]LogModuleManager: Shutting down and abandoning module PlatformCryptoOpenSSL (36)
[2021.03.05-01.39.32:355][884]LogModuleManager: Shutting down and abandoning module PlatformCryptoTypes (34)
[2021.03.05-01.39.32:355][884]LogModuleManager: Shutting down and abandoning module PlatformCrypto (32)
[2021.03.05-01.39.32:355][884]LogModuleManager: Shutting down and abandoning module RenderCore (30)
[2021.03.05-01.39.32:355][884]LogModuleManager: Shutting down and abandoning module Landscape (28)
[2021.03.05-01.39.32:355][884]LogModuleManager: Shutting down and abandoning module SlateRHIRenderer (26)
[2021.03.05-01.39.32:355][884]LogModuleManager: Shutting down and abandoning module OpenGLDrv (24)
[2021.03.05-01.39.32:355][884]LogModuleManager: Shutting down and abandoning module D3D11RHI (22)
[2021.03.05-01.39.32:355][884]LogModuleManager: Shutting down and abandoning module AnimGraphRuntime (20)
[2021.03.05-01.39.32:355][884]LogModuleManager: Shutting down and abandoning module Renderer (18)
[2021.03.05-01.39.32:356][884]LogModuleManager: Shutting down and abandoning module Engine (16)
[2021.03.05-01.39.32:356][884]LogModuleManager: Shutting down and abandoning module CoreUObject (14)
[2021.03.05-01.39.32:356][884]LogModuleManager: Shutting down and abandoning module NetworkFile (12)
[2021.03.05-01.39.32:356][884]LogModuleManager: Shutting down and abandoning module CookedIterativeFile (10)
[2021.03.05-01.39.32:356][884]LogModuleManager: Shutting down and abandoning module StreamingFile (8)
[2021.03.05-01.39.32:356][884]LogModuleManager: Shutting down and abandoning module SandboxFile (6)
[2021.03.05-01.39.32:356][884]LogModuleManager: Shutting down and abandoning module PakFile (4)
[2021.03.05-01.39.32:356][884]LogModuleManager: Shutting down and abandoning module RSA (3)
[2021.03.05-01.39.32:356][884]LogContentStreaming: Display: There are 1 unreleased StreamingManagers
[2021.03.05-01.39.32:357][884]LogD3D11RHI: Shutdown
[2021.03.05-01.39.32:357][884]LogD3D11RHI: CleanupD3DDevice
[2021.03.05-01.39.32:363][884]LogExit: Exiting.
[2021.03.05-01.39.32:368][884]Log file closed, 03/04/21 19:39:32
