Log file open, 03/04/21 19:37:59
LogPakFile: Display: Found Pak file ../../../MyProject5/Content/Paks/MyProject5-WindowsNoEditor.pak attempting to mount.
LogPakFile: Display: Mounting pak file ../../../MyProject5/Content/Paks/MyProject5-WindowsNoEditor.pak.
LogPlatformFile: Not using cached read wrapper
LogTaskGraph: Started task graph with 5 named threads and 47 total threads with 3 sets of task threads.
LogStats: Stats thread started at 0.047782
LogD3D11RHI: Loaded GFSDK_Aftermath_Lib.x64.dll
LogICUInternationalization: ICU TimeZone Detection - Raw Offset: -6:00, Platform Override: ''
LogPluginManager: Mounting plugin AdvancedSessions
LogPluginManager: Mounting plugin OnlineSubsystem
LogPluginManager: Mounting plugin OnlineSubsystemUtils
LogPluginManager: Mounting plugin AdvancedSteamSessions
LogPluginManager: Mounting plugin OnlineSubsystemSteam
LogPluginManager: Mounting plugin SteamShared
LogPluginManager: Mounting plugin Paper2D
LogPluginManager: Mounting plugin AISupport
LogPluginManager: Mounting plugin LightPropagationVolume
LogPluginManager: Mounting plugin AnimationSharing
LogPluginManager: Mounting plugin SignificanceManager
LogPluginManager: Mounting plugin UObjectPlugin
LogPluginManager: Mounting plugin AssetManagerEditor
LogPluginManager: Mounting plugin FacialAnimation
LogPluginManager: Mounting plugin GeometryMode
LogPluginManager: Mounting plugin DatasmithContent
LogPluginManager: Mounting plugin VariantManagerContent
LogPluginManager: Mounting plugin AlembicImporter
LogPluginManager: Mounting plugin GeometryCache
LogPluginManager: Mounting plugin AutomationUtils
LogPluginManager: Mounting plugin ScreenshotTools
LogPluginManager: Mounting plugin BackChannel
LogPluginManager: Mounting plugin ChaosClothEditor
LogPluginManager: Mounting plugin ChaosCloth
LogPluginManager: Mounting plugin ChaosEditor
LogPluginManager: Mounting plugin PlanarCut
LogPluginManager: Mounting plugin GeometryProcessing
LogPluginManager: Mounting plugin EditableMesh
LogPluginManager: Mounting plugin GeometryCollectionPlugin
LogPluginManager: Mounting plugin ProceduralMeshComponent
LogPluginManager: Mounting plugin ChaosSolverPlugin
LogPluginManager: Mounting plugin ChaosNiagara
LogPluginManager: Mounting plugin Niagara
LogPluginManager: Mounting plugin CharacterAI
LogPluginManager: Mounting plugin PlatformCrypto
LogPluginManager: Mounting plugin MagicLeapPassableWorld
LogPluginManager: Mounting plugin MagicLeap
LogPluginManager: Mounting plugin MLSDK
LogPluginManager: Mounting plugin MagicLeapLightEstimation
LogPluginManager: Mounting plugin AvfMedia
LogPluginManager: Mounting plugin ImgMedia
LogPluginManager: Mounting plugin MediaCompositing
LogPluginManager: Mounting plugin WmfMedia
LogPluginManager: Mounting plugin MeshPainting
LogPluginManager: Mounting plugin TcpMessaging
LogPluginManager: Mounting plugin UdpMessaging
LogPluginManager: Mounting plugin ActorSequence
LogPluginManager: Mounting plugin LevelSequenceEditor
LogPluginManager: Mounting plugin MatineeToLevelSequence
LogPluginManager: Mounting plugin TemplateSequence
LogPluginManager: Mounting plugin MovieRenderPipeline
LogPluginManager: Mounting plugin EditorScriptingUtilities
LogPluginManager: Mounting plugin NetcodeUnitTest
LogPluginManager: Mounting plugin OnlineSubsystemNull
LogPluginManager: Mounting plugin LauncherChunkInstaller
LogPluginManager: Mounting plugin AndroidPermission
LogPluginManager: Mounting plugin AppleImageUtils
LogPluginManager: Mounting plugin ArchVisCharacter
LogPluginManager: Mounting plugin AssetTags
LogPluginManager: Mounting plugin AudioCapture
LogPluginManager: Mounting plugin CableComponent
LogPluginManager: Mounting plugin CustomMeshComponent
LogPluginManager: Mounting plugin ExampleDeviceProfileSelector
LogPluginManager: Mounting plugin GooglePAD
LogPluginManager: Mounting plugin LocationServicesBPLibrary
LogPluginManager: Mounting plugin MobilePatchingUtils
LogPluginManager: Mounting plugin OculusVR
LogPluginManager: Mounting plugin PhysXVehicles
LogPluginManager: Mounting plugin RuntimePhysXCooking
LogPluginManager: Mounting plugin SoundFields
LogPluginManager: Mounting plugin SteamVR
LogPluginManager: Mounting plugin Synthesis
LogPluginManager: Mounting plugin WebMMoviePlayer
LogPluginManager: Mounting plugin WebMMedia
LogPluginManager: Mounting plugin WindowsMoviePlayer
LogInit: Using libcurl 7.55.1-DEV
LogInit:  - built for x86_64-pc-win32
LogInit:  - supports SSL with OpenSSL/1.1.1
LogInit:  - supports HTTP deflate (compression) using libz 1.2.8
LogInit:  - other features:
LogInit:      CURL_VERSION_SSL
LogInit:      CURL_VERSION_LIBZ
LogInit:      CURL_VERSION_IPV6
LogInit:      CURL_VERSION_ASYNCHDNS
LogInit:      CURL_VERSION_LARGEFILE
LogInit:      CURL_VERSION_IDN
LogInit:  CurlRequestOptions (configurable via config and command line):
LogInit:  - bVerifyPeer = true  - Libcurl will verify peer certificate
LogInit:  - bUseHttpProxy = false  - Libcurl will NOT use HTTP proxy
LogInit:  - bDontReuseConnections = false  - Libcurl will reuse connections
LogInit:  - MaxHostConnections = 16  - Libcurl will limit the number of connections to a host
LogInit:  - LocalHostAddr = Default
LogInit:  - BufferSize = 65536
LogSteamShared: Display: Loading Steam SDK 1.47
LogSteamShared: Steam SDK Loaded!
LogOnline: OSS: Creating online subsystem instance for: Steam
LogOnline: STEAM: Steam User is subscribed 1
LogOnline: STEAM: [AppId: 480] Client API initialized 1
LogOnline: STEAM: Initializing SteamNetworking Layer
LogOnline: STEAM: Missing P2PCleanupTimeout key in OnlineSubsystemSteam of DefaultEngine.ini, using default
LogInit: WinSock: version 1.1 (2.2), MaxSocks=32767, MaxUdp=65467
LogOnline: OSS: TryLoadSubsystemAndSetDefault: Loaded subsystem for module [Steam]
LogInit: Build: ++UE4+Release-4.25-CL-14469661
LogInit: Engine Version: 4.25.4-14469661+++UE4+Release-4.25
LogInit: Compatible Engine Version: 4.25.0-13144385+++UE4+Release-4.25
LogInit: Net CL: 13144385
LogInit: OS: Windows 10 (Release 2009) (), CPU: AMD Ryzen 7 3800X 8-Core Processor             , GPU: Radeon RX 580 Series
LogInit: Compiled (64-bit): Oct 11 2020 08:22:12
LogInit: Compiled with Visual C++: 19.16.27032.01
LogInit: Build Configuration: Development
LogInit: Branch Name: ++UE4+Release-4.25
LogInit: Command Line: 
LogInit: Base Directory: C:/Users/Usuario/Documents/Unreal Projects/MyProject5/Package/WindowsNoEditor/MyProject5/Binaries/Win64/
LogInit: Allocator: binned2
LogInit: Installed Engine Build: 0
LogDevObjectVersion: Number of dev versions registered: 26
LogDevObjectVersion:   Dev-Blueprints (B0D832E4-1F89-4F0D-ACCF-7EB736FD4AA2): 10
LogDevObjectVersion:   Dev-Build (E1C64328-A22C-4D53-A36C-8E866417BD8C): 0
LogDevObjectVersion:   Dev-Core (375EC13C-06E4-48FB-B500-84F0262A717E): 4
LogDevObjectVersion:   Dev-Editor (E4B068ED-F494-42E9-A231-DA0B2E46BB41): 38
LogDevObjectVersion:   Dev-Framework (CFFC743F-43B0-4480-9391-14DF171D2073): 37
LogDevObjectVersion:   Dev-Mobile (B02B49B5-BB20-44E9-A304-32B752E40360): 2
LogDevObjectVersion:   Dev-Networking (A4E4105C-59A1-49B5-A7C5-40C4547EDFEE): 0
LogDevObjectVersion:   Dev-Online (39C831C9-5AE6-47DC-9A44-9C173E1C8E7C): 0
LogDevObjectVersion:   Dev-Physics (78F01B33-EBEA-4F98-B9B4-84EACCB95AA2): 4
LogDevObjectVersion:   Dev-Platform (6631380F-2D4D-43E0-8009-CF276956A95A): 0
LogDevObjectVersion:   Dev-Rendering (12F88B9F-8875-4AFC-A67C-D90C383ABD29): 43
LogDevObjectVersion:   Dev-Sequencer (7B5AE74C-D270-4C10-A958-57980B212A5A): 12
LogDevObjectVersion:   Dev-VR (D7296918-1DD6-4BDD-9DE2-64A83CC13884): 3
LogDevObjectVersion:   Dev-LoadTimes (C2A15278-BFE7-4AFE-6C17-90FF531DF755): 1
LogDevObjectVersion:   Private-Geometry (6EACA3D4-40EC-4CC1-B786-8BED09428FC5): 3
LogDevObjectVersion:   Dev-AnimPhys (29E575DD-E0A3-4627-9D10-D276232CDCEA): 17
LogDevObjectVersion:   Dev-Anim (AF43A65D-7FD3-4947-9873-3E8ED9C1BB05): 7
LogDevObjectVersion:   Dev-ReflectionCapture (6B266CEC-1EC7-4B8F-A30B-E4D90942FC07): 1
LogDevObjectVersion:   Dev-Automation (0DF73D61-A23F-47EA-B727-89E90C41499A): 1
LogDevObjectVersion:   FortniteMain (601D1886-AC64-4F84-AA16-D3DE0DEAC7D6): 31
LogDevObjectVersion:   Dev-Enterprise (9DFFBCD6-494F-0158-E221-12823C92A888): 10
LogDevObjectVersion:   Dev-Niagara (F2AED0AC-9AFE-416F-8664-AA7FFA26D6FC): 1
LogDevObjectVersion:   Dev-Destruction (174F1F0B-B4C6-45A5-B13F-2EE8D0FB917D): 10
LogDevObjectVersion:   Dev-Physics-Ext (35F94A83-E258-406C-A318-09F59610247C): 37
LogDevObjectVersion:   Dev-PhysicsMaterial-Chaos (B68FC16E-8B1B-42E2-B453-215C058844FE): 1
LogDevObjectVersion:   Dev-CineCamera (B2E18506-4273-CFC2-A54E-F4BB758BBA07): 1
LogInit: Presizing for max 2097152 objects, including 1 objects not considered by GC, pre-allocating 0 bytes for permanent pool.
LogConfig: Applying CVar settings from Section [/Script/Engine.StreamingSettings] File [../../../MyProject5/Saved/Config/WindowsNoEditor/Engine.ini]
LogConfig: Setting CVar [[s.MinBulkDataSizeForAsyncLoading:131072]]
LogConfig: Setting CVar [[s.AsyncLoadingThreadEnabled:0]]
LogConfig: Setting CVar [[s.EventDrivenLoaderEnabled:1]]
LogConfig: Setting CVar [[s.WarnIfTimeLimitExceeded:0]]
LogConfig: Setting CVar [[s.TimeLimitExceededMultiplier:1.5]]
LogConfig: Setting CVar [[s.TimeLimitExceededMinTime:0.005]]
LogConfig: Setting CVar [[s.UseBackgroundLevelStreaming:1]]
LogConfig: Setting CVar [[s.PriorityAsyncLoadingExtraTime:15.0]]
LogConfig: Setting CVar [[s.LevelStreamingActorsUpdateTimeLimit:5.0]]
LogConfig: Setting CVar [[s.PriorityLevelStreamingActorsUpdateExtraTime:5.0]]
LogConfig: Setting CVar [[s.LevelStreamingComponentsRegistrationGranularity:10]]
LogConfig: Setting CVar [[s.UnregisterComponentsTimeLimit:1.0]]
LogConfig: Setting CVar [[s.LevelStreamingComponentsUnregistrationGranularity:5]]
LogConfig: Setting CVar [[s.FlushStreamingOnExit:1]]
LogStreaming: Display: Async Loading initialized: Event Driven Loader: true, Async Loading Thread: false, Async Post Load: true
LogInit: Object subsystem initialized
LogConfig: Setting CVar [[con.DebugEarlyDefault:1]]
LogConfig: Setting CVar [[r.setres:1280x720]]
LogConfig: Setting CVar [[fx.NiagaraAllowRuntimeScalabilityChanges:1]]
[2021.03.05-01.37.59:455][  0]LogConfig: Setting CVar [[con.DebugEarlyDefault:1]]
[2021.03.05-01.37.59:455][  0]LogConfig: Setting CVar [[r.setres:1280x720]]
[2021.03.05-01.37.59:455][  0]LogConfig: Setting CVar [[fx.NiagaraAllowRuntimeScalabilityChanges:1]]
[2021.03.05-01.37.59:455][  0]LogConfig: Applying CVar settings from Section [/Script/Engine.RendererSettings] File [../../../MyProject5/Saved/Config/WindowsNoEditor/Engine.ini]
[2021.03.05-01.37.59:455][  0]LogConfig: Setting CVar [[r.GPUCrashDebugging:0]]
[2021.03.05-01.37.59:455][  0]LogConfig: Applying CVar settings from Section [/Script/Engine.RendererOverrideSettings] File [../../../MyProject5/Saved/Config/WindowsNoEditor/Engine.ini]
[2021.03.05-01.37.59:455][  0]LogConfig: Applying CVar settings from Section [/Script/Engine.StreamingSettings] File [../../../MyProject5/Saved/Config/WindowsNoEditor/Engine.ini]
[2021.03.05-01.37.59:455][  0]LogConfig: Setting CVar [[s.MinBulkDataSizeForAsyncLoading:131072]]
[2021.03.05-01.37.59:455][  0]LogConfig: Setting CVar [[s.AsyncLoadingThreadEnabled:0]]
[2021.03.05-01.37.59:455][  0]LogConfig: Setting CVar [[s.EventDrivenLoaderEnabled:1]]
[2021.03.05-01.37.59:455][  0]LogConfig: Setting CVar [[s.WarnIfTimeLimitExceeded:0]]
[2021.03.05-01.37.59:455][  0]LogConfig: Setting CVar [[s.TimeLimitExceededMultiplier:1.5]]
[2021.03.05-01.37.59:455][  0]LogConfig: Setting CVar [[s.TimeLimitExceededMinTime:0.005]]
[2021.03.05-01.37.59:455][  0]LogConfig: Setting CVar [[s.UseBackgroundLevelStreaming:1]]
[2021.03.05-01.37.59:455][  0]LogConfig: Setting CVar [[s.PriorityAsyncLoadingExtraTime:15.0]]
[2021.03.05-01.37.59:455][  0]LogConfig: Setting CVar [[s.LevelStreamingActorsUpdateTimeLimit:5.0]]
[2021.03.05-01.37.59:455][  0]LogConfig: Setting CVar [[s.PriorityLevelStreamingActorsUpdateExtraTime:5.0]]
[2021.03.05-01.37.59:455][  0]LogConfig: Setting CVar [[s.LevelStreamingComponentsRegistrationGranularity:10]]
[2021.03.05-01.37.59:455][  0]LogConfig: Setting CVar [[s.UnregisterComponentsTimeLimit:1.0]]
[2021.03.05-01.37.59:455][  0]LogConfig: Setting CVar [[s.LevelStreamingComponentsUnregistrationGranularity:5]]
[2021.03.05-01.37.59:455][  0]LogConfig: Setting CVar [[s.FlushStreamingOnExit:1]]
[2021.03.05-01.37.59:455][  0]LogConfig: Applying CVar settings from Section [/Script/Engine.GarbageCollectionSettings] File [../../../MyProject5/Saved/Config/WindowsNoEditor/Engine.ini]
[2021.03.05-01.37.59:455][  0]LogConfig: Setting CVar [[gc.MaxObjectsNotConsideredByGC:1]]
[2021.03.05-01.37.59:455][  0]LogConfig: Setting CVar [[gc.SizeOfPermanentObjectPool:0]]
[2021.03.05-01.37.59:455][  0]LogConfig: Setting CVar [[gc.FlushStreamingOnGC:0]]
[2021.03.05-01.37.59:455][  0]LogConfig: Setting CVar [[gc.NumRetriesBeforeForcingGC:10]]
[2021.03.05-01.37.59:455][  0]LogConfig: Setting CVar [[gc.AllowParallelGC:1]]
[2021.03.05-01.37.59:455][  0]LogConfig: Setting CVar [[gc.TimeBetweenPurgingPendingKillObjects:61.1]]
[2021.03.05-01.37.59:455][  0]LogConfig: Setting CVar [[gc.MaxObjectsInEditor:25165824]]
[2021.03.05-01.37.59:455][  0]LogConfig: Setting CVar [[gc.IncrementalBeginDestroyEnabled:1]]
[2021.03.05-01.37.59:455][  0]LogConfig: Setting CVar [[gc.CreateGCClusters:1]]
[2021.03.05-01.37.59:455][  0]LogConfig: Setting CVar [[gc.MinGCClusterSize:5]]
[2021.03.05-01.37.59:455][  0]LogConfig: Setting CVar [[gc.ActorClusteringEnabled:0]]
[2021.03.05-01.37.59:455][  0]LogConfig: Setting CVar [[gc.BlueprintClusteringEnabled:0]]
[2021.03.05-01.37.59:455][  0]LogConfig: Setting CVar [[gc.UseDisregardForGCOnDedicatedServers:0]]
[2021.03.05-01.37.59:455][  0]LogConfig: Applying CVar settings from Section [/Script/Engine.NetworkSettings] File [../../../MyProject5/Saved/Config/WindowsNoEditor/Engine.ini]
[2021.03.05-01.37.59:463][  0]LogConfig: Applying CVar settings from Section [ViewDistanceQuality@3] File [../../../MyProject5/Saved/Config/WindowsNoEditor/Scalability.ini]
[2021.03.05-01.37.59:463][  0]LogConfig: Setting CVar [[r.SkeletalMeshLODBias:0]]
[2021.03.05-01.37.59:463][  0]LogConfig: Setting CVar [[r.ViewDistanceScale:1.0]]
[2021.03.05-01.37.59:463][  0]LogConfig: Applying CVar settings from Section [AntiAliasingQuality@3] File [../../../MyProject5/Saved/Config/WindowsNoEditor/Scalability.ini]
[2021.03.05-01.37.59:463][  0]LogConfig: Setting CVar [[r.PostProcessAAQuality:4]]
[2021.03.05-01.37.59:463][  0]LogConfig: Applying CVar settings from Section [ShadowQuality@3] File [../../../MyProject5/Saved/Config/WindowsNoEditor/Scalability.ini]
[2021.03.05-01.37.59:463][  0]LogConfig: Setting CVar [[r.LightFunctionQuality:1]]
[2021.03.05-01.37.59:463][  0]LogConfig: Setting CVar [[r.ShadowQuality:5]]
[2021.03.05-01.37.59:463][  0]LogConfig: Setting CVar [[r.Shadow.CSM.MaxCascades:10]]
[2021.03.05-01.37.59:463][  0]LogConfig: Setting CVar [[r.Shadow.MaxResolution:2048]]
[2021.03.05-01.37.59:463][  0]LogConfig: Setting CVar [[r.Shadow.MaxCSMResolution:2048]]
[2021.03.05-01.37.59:463][  0]LogConfig: Setting CVar [[r.Shadow.RadiusThreshold:0.01]]
[2021.03.05-01.37.59:463][  0]LogConfig: Setting CVar [[r.Shadow.DistanceScale:1.0]]
[2021.03.05-01.37.59:463][  0]LogConfig: Setting CVar [[r.Shadow.CSM.TransitionScale:1.0]]
[2021.03.05-01.37.59:463][  0]LogConfig: Setting CVar [[r.Shadow.PreShadowResolutionFactor:1.0]]
[2021.03.05-01.37.59:463][  0]LogConfig: Setting CVar [[r.DistanceFieldShadowing:1]]
[2021.03.05-01.37.59:463][  0]LogConfig: Setting CVar [[r.DistanceFieldAO:1]]
[2021.03.05-01.37.59:463][  0]LogConfig: Setting CVar [[r.AOQuality:2]]
[2021.03.05-01.37.59:463][  0]LogConfig: Setting CVar [[r.VolumetricFog:1]]
[2021.03.05-01.37.59:463][  0]LogConfig: Setting CVar [[r.VolumetricFog.GridPixelSize:8]]
[2021.03.05-01.37.59:463][  0]LogConfig: Setting CVar [[r.VolumetricFog.GridSizeZ:128]]
[2021.03.05-01.37.59:463][  0]LogConfig: Setting CVar [[r.VolumetricFog.HistoryMissSupersampleCount:4]]
[2021.03.05-01.37.59:463][  0]LogConfig: Setting CVar [[r.LightMaxDrawDistanceScale:1]]
[2021.03.05-01.37.59:463][  0]LogConfig: Setting CVar [[r.CapsuleShadows:1]]
[2021.03.05-01.37.59:463][  0]LogConfig: Applying CVar settings from Section [PostProcessQuality@3] File [../../../MyProject5/Saved/Config/WindowsNoEditor/Scalability.ini]
[2021.03.05-01.37.59:463][  0]LogConfig: Setting CVar [[r.MotionBlurQuality:4]]
[2021.03.05-01.37.59:463][  0]LogConfig: Setting CVar [[r.AmbientOcclusionMipLevelFactor:0.4]]
[2021.03.05-01.37.59:463][  0]LogConfig: Setting CVar [[r.AmbientOcclusionMaxQuality:100]]
[2021.03.05-01.37.59:463][  0]LogConfig: Setting CVar [[r.AmbientOcclusionLevels:-1]]
[2021.03.05-01.37.59:463][  0]LogConfig: Setting CVar [[r.AmbientOcclusionRadiusScale:1.0]]
[2021.03.05-01.37.59:463][  0]LogConfig: Setting CVar [[r.DepthOfFieldQuality:2]]
[2021.03.05-01.37.59:463][  0]LogConfig: Setting CVar [[r.RenderTargetPoolMin:400]]
[2021.03.05-01.37.59:463][  0]LogConfig: Setting CVar [[r.LensFlareQuality:2]]
[2021.03.05-01.37.59:463][  0]LogConfig: Setting CVar [[r.SceneColorFringeQuality:1]]
[2021.03.05-01.37.59:463][  0]LogConfig: Setting CVar [[r.EyeAdaptationQuality:2]]
[2021.03.05-01.37.59:463][  0]LogConfig: Setting CVar [[r.BloomQuality:5]]
[2021.03.05-01.37.59:463][  0]LogConfig: Setting CVar [[r.FastBlurThreshold:100]]
[2021.03.05-01.37.59:463][  0]LogConfig: Setting CVar [[r.Upscale.Quality:3]]
[2021.03.05-01.37.59:463][  0]LogConfig: Setting CVar [[r.Tonemapper.GrainQuantization:1]]
[2021.03.05-01.37.59:463][  0]LogConfig: Setting CVar [[r.LightShaftQuality:1]]
[2021.03.05-01.37.59:463][  0]LogConfig: Setting CVar [[r.Filter.SizeScale:1]]
[2021.03.05-01.37.59:464][  0]LogConfig: Setting CVar [[r.Tonemapper.Quality:5]]
[2021.03.05-01.37.59:464][  0]LogConfig: Setting CVar [[r.DOF.Gather.AccumulatorQuality:1        ; higher gathering accumulator quality]]
[2021.03.05-01.37.59:464][  0]LogConfig: Setting CVar [[r.DOF.Gather.PostfilterMethod:1          ; Median3x3 postfilering method]]
[2021.03.05-01.37.59:464][  0]LogConfig: Setting CVar [[r.DOF.Gather.EnableBokehSettings:0       ; no bokeh simulation when gathering]]
[2021.03.05-01.37.59:464][  0]LogConfig: Setting CVar [[r.DOF.Gather.RingCount:4                 ; medium number of samples when gathering]]
[2021.03.05-01.37.59:464][  0]LogConfig: Setting CVar [[r.DOF.Scatter.ForegroundCompositing:1    ; additive foreground scattering]]
[2021.03.05-01.37.59:464][  0]LogConfig: Setting CVar [[r.DOF.Scatter.BackgroundCompositing:2    ; additive background scattering]]
[2021.03.05-01.37.59:464][  0]LogConfig: Setting CVar [[r.DOF.Scatter.EnableBokehSettings:1      ; bokeh simulation when scattering]]
[2021.03.05-01.37.59:464][  0]LogConfig: Setting CVar [[r.DOF.Scatter.MaxSpriteRatio:0.1         ; only a maximum of 10% of scattered bokeh]]
[2021.03.05-01.37.59:464][  0]LogConfig: Setting CVar [[r.DOF.Recombine.Quality:1                ; cheap slight out of focus]]
[2021.03.05-01.37.59:464][  0]LogConfig: Setting CVar [[r.DOF.Recombine.EnableBokehSettings:0    ; no bokeh simulation on slight out of focus]]
[2021.03.05-01.37.59:464][  0]LogConfig: Setting CVar [[r.DOF.TemporalAAQuality:1                ; more stable temporal accumulation]]
[2021.03.05-01.37.59:464][  0]LogConfig: Setting CVar [[r.DOF.Kernel.MaxForegroundRadius:0.025]]
[2021.03.05-01.37.59:464][  0]LogConfig: Setting CVar [[r.DOF.Kernel.MaxBackgroundRadius:0.025]]
[2021.03.05-01.37.59:464][  0]LogConfig: Applying CVar settings from Section [TextureQuality@3] File [../../../MyProject5/Saved/Config/WindowsNoEditor/Scalability.ini]
[2021.03.05-01.37.59:464][  0]LogConfig: Setting CVar [[r.Streaming.MipBias:0]]
[2021.03.05-01.37.59:464][  0]LogConfig: Setting CVar [[r.Streaming.AmortizeCPUToGPUCopy:0]]
[2021.03.05-01.37.59:464][  0]LogConfig: Setting CVar [[r.Streaming.MaxNumTexturesToStreamPerFrame:0]]
[2021.03.05-01.37.59:464][  0]LogConfig: Setting CVar [[r.Streaming.Boost:1]]
[2021.03.05-01.37.59:464][  0]LogConfig: Setting CVar [[r.MaxAnisotropy:8]]
[2021.03.05-01.37.59:464][  0]LogConfig: Setting CVar [[r.VT.MaxAnisotropy:8]]
[2021.03.05-01.37.59:464][  0]LogConfig: Setting CVar [[r.Streaming.LimitPoolSizeToVRAM:0]]
[2021.03.05-01.37.59:464][  0]LogConfig: Setting CVar [[r.Streaming.PoolSize:1000]]
[2021.03.05-01.37.59:464][  0]LogConfig: Setting CVar [[r.Streaming.MaxEffectiveScreenSize:0]]
[2021.03.05-01.37.59:464][  0]LogConfig: Applying CVar settings from Section [EffectsQuality@3] File [../../../MyProject5/Saved/Config/WindowsNoEditor/Scalability.ini]
[2021.03.05-01.37.59:464][  0]LogConfig: Setting CVar [[r.TranslucencyLightingVolumeDim:64]]
[2021.03.05-01.37.59:464][  0]LogConfig: Setting CVar [[r.RefractionQuality:2]]
[2021.03.05-01.37.59:464][  0]LogConfig: Setting CVar [[r.SSR.Quality:3]]
[2021.03.05-01.37.59:464][  0]LogConfig: Setting CVar [[r.SSR.HalfResSceneColor:0]]
[2021.03.05-01.37.59:464][  0]LogConfig: Setting CVar [[r.SceneColorFormat:4]]
[2021.03.05-01.37.59:464][  0]LogConfig: Setting CVar [[r.DetailMode:2]]
[2021.03.05-01.37.59:464][  0]LogConfig: Setting CVar [[r.TranslucencyVolumeBlur:1]]
[2021.03.05-01.37.59:464][  0]LogConfig: Setting CVar [[r.MaterialQualityLevel:1 ; High quality]]
[2021.03.05-01.37.59:464][  0]LogConfig: Setting CVar [[r.SSS.Scale:1]]
[2021.03.05-01.37.59:464][  0]LogConfig: Setting CVar [[r.SSS.SampleSet:2]]
[2021.03.05-01.37.59:464][  0]LogConfig: Setting CVar [[r.SSS.Quality:1]]
[2021.03.05-01.37.59:464][  0]LogConfig: Setting CVar [[r.SSS.HalfRes:0]]
[2021.03.05-01.37.59:464][  0]LogConfig: Setting CVar [[r.SSGI.Quality:3]]
[2021.03.05-01.37.59:464][  0]LogConfig: Setting CVar [[r.EmitterSpawnRateScale:1.0]]
[2021.03.05-01.37.59:464][  0]LogConfig: Setting CVar [[r.ParticleLightQuality:2]]
[2021.03.05-01.37.59:464][  0]LogConfig: Setting CVar [[r.SkyAtmosphere.AerialPerspectiveLUT.FastApplyOnOpaque:1 ; Always have FastSkyLUT 1 in this case to avoid wrong sky]]
[2021.03.05-01.37.59:464][  0]LogConfig: Setting CVar [[r.SkyAtmosphere.AerialPerspectiveLUT.SampleCountPerSlice:1]]
[2021.03.05-01.37.59:464][  0]LogConfig: Setting CVar [[r.SkyAtmosphere.AerialPerspectiveLUT.DepthResolution:16.0]]
[2021.03.05-01.37.59:464][  0]LogConfig: Setting CVar [[r.SkyAtmosphere.FastSkyLUT:1]]
[2021.03.05-01.37.59:464][  0]LogConfig: Setting CVar [[r.SkyAtmosphere.FastSkyLUT.SampleCountMin:4.0]]
[2021.03.05-01.37.59:464][  0]LogConfig: Setting CVar [[r.SkyAtmosphere.FastSkyLUT.SampleCountMax:32.0]]
[2021.03.05-01.37.59:464][  0]LogConfig: Setting CVar [[r.SkyAtmosphere.SampleCountMin:4.0]]
[2021.03.05-01.37.59:464][  0]LogConfig: Setting CVar [[r.SkyAtmosphere.SampleCountMax:32.0]]
[2021.03.05-01.37.59:464][  0]LogConfig: Setting CVar [[r.SkyAtmosphere.TransmittanceLUT.UseSmallFormat:0]]
[2021.03.05-01.37.59:464][  0]LogConfig: Setting CVar [[r.SkyAtmosphere.TransmittanceLUT.SampleCount:10.0]]
[2021.03.05-01.37.59:464][  0]LogConfig: Setting CVar [[r.SkyAtmosphere.MultiScatteringLUT.SampleCount:15.0]]
[2021.03.05-01.37.59:464][  0]LogConfig: Setting CVar [[fx.Niagara.QualityLevel:3]]
[2021.03.05-01.37.59:464][  0]LogConfig: Applying CVar settings from Section [FoliageQuality@3] File [../../../MyProject5/Saved/Config/WindowsNoEditor/Scalability.ini]
[2021.03.05-01.37.59:464][  0]LogConfig: Setting CVar [[foliage.DensityScale:1.0]]
[2021.03.05-01.37.59:464][  0]LogConfig: Setting CVar [[grass.DensityScale:1.0]]
[2021.03.05-01.37.59:464][  0]LogConfig: Applying CVar settings from Section [ShadingQuality@3] File [../../../MyProject5/Saved/Config/WindowsNoEditor/Scalability.ini]
[2021.03.05-01.37.59:464][  0]LogConfig: Setting CVar [[r.HairStrands.SkyLighting.SampleCount:16]]
[2021.03.05-01.37.59:464][  0]LogConfig: Setting CVar [[r.HairStrands.SkyLighting.JitterIntegration:0]]
[2021.03.05-01.37.59:464][  0]LogConfig: Setting CVar [[r.HairStrands.SkyAO.SampleCount:16]]
[2021.03.05-01.37.59:464][  0]LogConfig: Setting CVar [[r.HairStrands.DeepShadow.SuperSampling:0]]
[2021.03.05-01.37.59:464][  0]LogConfig: Setting CVar [[r.HairStrands.VisibilityPPLL:0]]
[2021.03.05-01.37.59:464][  0]LogConfig: Setting CVar [[r.HairStrands.RasterizationScale:0.5]]
[2021.03.05-01.37.59:464][  0]LogConfig: Setting CVar [[r.HairStrands.VelocityRasterizationScale:1]]
[2021.03.05-01.37.59:464][  0]LogInit: Selected Device Profile: [WindowsNoEditor]
[2021.03.05-01.37.59:464][  0]LogInit: Applying CVar settings loaded from the selected device profile: [WindowsNoEditor]
[2021.03.05-01.37.59:464][  0]LogHAL: Display: Platform has ~ 32 GB [34275020800 / 34359738368 / 32], which maps to Largest [LargestMinGB=32, LargerMinGB=12, DefaultMinGB=8, SmallerMinGB=6, SmallestMinGB=0)
[2021.03.05-01.37.59:464][  0]LogInit: Going up to parent DeviceProfile [Windows]
[2021.03.05-01.37.59:464][  0]LogInit: Going up to parent DeviceProfile []
[2021.03.05-01.37.59:464][  0]LogConfig: Applying CVar settings from Section [ViewDistanceQuality@3] File [../../../MyProject5/Saved/Config/WindowsNoEditor/Scalability.ini]
[2021.03.05-01.37.59:464][  0]LogConfig: Setting CVar [[r.SkeletalMeshLODBias:0]]
[2021.03.05-01.37.59:464][  0]LogConfig: Setting CVar [[r.ViewDistanceScale:1.0]]
[2021.03.05-01.37.59:464][  0]LogConfig: Applying CVar settings from Section [AntiAliasingQuality@3] File [../../../MyProject5/Saved/Config/WindowsNoEditor/Scalability.ini]
[2021.03.05-01.37.59:464][  0]LogConfig: Setting CVar [[r.PostProcessAAQuality:4]]
[2021.03.05-01.37.59:464][  0]LogConfig: Applying CVar settings from Section [ShadowQuality@3] File [../../../MyProject5/Saved/Config/WindowsNoEditor/Scalability.ini]
[2021.03.05-01.37.59:464][  0]LogConfig: Setting CVar [[r.LightFunctionQuality:1]]
[2021.03.05-01.37.59:464][  0]LogConfig: Setting CVar [[r.ShadowQuality:5]]
[2021.03.05-01.37.59:464][  0]LogConfig: Setting CVar [[r.Shadow.CSM.MaxCascades:10]]
[2021.03.05-01.37.59:464][  0]LogConfig: Setting CVar [[r.Shadow.MaxResolution:2048]]
[2021.03.05-01.37.59:464][  0]LogConfig: Setting CVar [[r.Shadow.MaxCSMResolution:2048]]
[2021.03.05-01.37.59:464][  0]LogConfig: Setting CVar [[r.Shadow.RadiusThreshold:0.01]]
[2021.03.05-01.37.59:464][  0]LogConfig: Setting CVar [[r.Shadow.DistanceScale:1.0]]
[2021.03.05-01.37.59:464][  0]LogConfig: Setting CVar [[r.Shadow.CSM.TransitionScale:1.0]]
[2021.03.05-01.37.59:464][  0]LogConfig: Setting CVar [[r.Shadow.PreShadowResolutionFactor:1.0]]
[2021.03.05-01.37.59:464][  0]LogConfig: Setting CVar [[r.DistanceFieldShadowing:1]]
[2021.03.05-01.37.59:464][  0]LogConfig: Setting CVar [[r.DistanceFieldAO:1]]
[2021.03.05-01.37.59:464][  0]LogConfig: Setting CVar [[r.AOQuality:2]]
[2021.03.05-01.37.59:464][  0]LogConfig: Setting CVar [[r.VolumetricFog:1]]
[2021.03.05-01.37.59:464][  0]LogConfig: Setting CVar [[r.VolumetricFog.GridPixelSize:8]]
[2021.03.05-01.37.59:465][  0]LogConfig: Setting CVar [[r.VolumetricFog.GridSizeZ:128]]
[2021.03.05-01.37.59:465][  0]LogConfig: Setting CVar [[r.VolumetricFog.HistoryMissSupersampleCount:4]]
[2021.03.05-01.37.59:465][  0]LogConfig: Setting CVar [[r.LightMaxDrawDistanceScale:1]]
[2021.03.05-01.37.59:465][  0]LogConfig: Setting CVar [[r.CapsuleShadows:1]]
[2021.03.05-01.37.59:465][  0]LogConfig: Applying CVar settings from Section [PostProcessQuality@3] File [../../../MyProject5/Saved/Config/WindowsNoEditor/Scalability.ini]
[2021.03.05-01.37.59:465][  0]LogConfig: Setting CVar [[r.MotionBlurQuality:4]]
[2021.03.05-01.37.59:465][  0]LogConfig: Setting CVar [[r.AmbientOcclusionMipLevelFactor:0.4]]
[2021.03.05-01.37.59:465][  0]LogConfig: Setting CVar [[r.AmbientOcclusionMaxQuality:100]]
[2021.03.05-01.37.59:465][  0]LogConfig: Setting CVar [[r.AmbientOcclusionLevels:-1]]
[2021.03.05-01.37.59:465][  0]LogConfig: Setting CVar [[r.AmbientOcclusionRadiusScale:1.0]]
[2021.03.05-01.37.59:465][  0]LogConfig: Setting CVar [[r.DepthOfFieldQuality:2]]
[2021.03.05-01.37.59:465][  0]LogConfig: Setting CVar [[r.RenderTargetPoolMin:400]]
[2021.03.05-01.37.59:465][  0]LogConfig: Setting CVar [[r.LensFlareQuality:2]]
[2021.03.05-01.37.59:465][  0]LogConfig: Setting CVar [[r.SceneColorFringeQuality:1]]
[2021.03.05-01.37.59:465][  0]LogConfig: Setting CVar [[r.EyeAdaptationQuality:2]]
[2021.03.05-01.37.59:465][  0]LogConfig: Setting CVar [[r.BloomQuality:5]]
[2021.03.05-01.37.59:465][  0]LogConfig: Setting CVar [[r.FastBlurThreshold:100]]
[2021.03.05-01.37.59:465][  0]LogConfig: Setting CVar [[r.Upscale.Quality:3]]
[2021.03.05-01.37.59:465][  0]LogConfig: Setting CVar [[r.Tonemapper.GrainQuantization:1]]
[2021.03.05-01.37.59:465][  0]LogConfig: Setting CVar [[r.LightShaftQuality:1]]
[2021.03.05-01.37.59:465][  0]LogConfig: Setting CVar [[r.Filter.SizeScale:1]]
[2021.03.05-01.37.59:465][  0]LogConfig: Setting CVar [[r.Tonemapper.Quality:5]]
[2021.03.05-01.37.59:465][  0]LogConfig: Setting CVar [[r.DOF.Gather.AccumulatorQuality:1        ; higher gathering accumulator quality]]
[2021.03.05-01.37.59:465][  0]LogConfig: Setting CVar [[r.DOF.Gather.PostfilterMethod:1          ; Median3x3 postfilering method]]
[2021.03.05-01.37.59:465][  0]LogConfig: Setting CVar [[r.DOF.Gather.EnableBokehSettings:0       ; no bokeh simulation when gathering]]
[2021.03.05-01.37.59:465][  0]LogConfig: Setting CVar [[r.DOF.Gather.RingCount:4                 ; medium number of samples when gathering]]
[2021.03.05-01.37.59:465][  0]LogConfig: Setting CVar [[r.DOF.Scatter.ForegroundCompositing:1    ; additive foreground scattering]]
[2021.03.05-01.37.59:465][  0]LogConfig: Setting CVar [[r.DOF.Scatter.BackgroundCompositing:2    ; additive background scattering]]
[2021.03.05-01.37.59:465][  0]LogConfig: Setting CVar [[r.DOF.Scatter.EnableBokehSettings:1      ; bokeh simulation when scattering]]
[2021.03.05-01.37.59:465][  0]LogConfig: Setting CVar [[r.DOF.Scatter.MaxSpriteRatio:0.1         ; only a maximum of 10% of scattered bokeh]]
[2021.03.05-01.37.59:465][  0]LogConfig: Setting CVar [[r.DOF.Recombine.Quality:1                ; cheap slight out of focus]]
[2021.03.05-01.37.59:465][  0]LogConfig: Setting CVar [[r.DOF.Recombine.EnableBokehSettings:0    ; no bokeh simulation on slight out of focus]]
[2021.03.05-01.37.59:465][  0]LogConfig: Setting CVar [[r.DOF.TemporalAAQuality:1                ; more stable temporal accumulation]]
[2021.03.05-01.37.59:465][  0]LogConfig: Setting CVar [[r.DOF.Kernel.MaxForegroundRadius:0.025]]
[2021.03.05-01.37.59:465][  0]LogConfig: Setting CVar [[r.DOF.Kernel.MaxBackgroundRadius:0.025]]
[2021.03.05-01.37.59:465][  0]LogConfig: Applying CVar settings from Section [TextureQuality@3] File [../../../MyProject5/Saved/Config/WindowsNoEditor/Scalability.ini]
[2021.03.05-01.37.59:465][  0]LogConfig: Setting CVar [[r.Streaming.MipBias:0]]
[2021.03.05-01.37.59:465][  0]LogConfig: Setting CVar [[r.Streaming.AmortizeCPUToGPUCopy:0]]
[2021.03.05-01.37.59:465][  0]LogConfig: Setting CVar [[r.Streaming.MaxNumTexturesToStreamPerFrame:0]]
[2021.03.05-01.37.59:465][  0]LogConfig: Setting CVar [[r.Streaming.Boost:1]]
[2021.03.05-01.37.59:465][  0]LogConfig: Setting CVar [[r.MaxAnisotropy:8]]
[2021.03.05-01.37.59:465][  0]LogConfig: Setting CVar [[r.VT.MaxAnisotropy:8]]
[2021.03.05-01.37.59:465][  0]LogConfig: Setting CVar [[r.Streaming.LimitPoolSizeToVRAM:0]]
[2021.03.05-01.37.59:465][  0]LogConfig: Setting CVar [[r.Streaming.PoolSize:1000]]
[2021.03.05-01.37.59:465][  0]LogConfig: Setting CVar [[r.Streaming.MaxEffectiveScreenSize:0]]
[2021.03.05-01.37.59:465][  0]LogConfig: Applying CVar settings from Section [EffectsQuality@3] File [../../../MyProject5/Saved/Config/WindowsNoEditor/Scalability.ini]
[2021.03.05-01.37.59:465][  0]LogConfig: Setting CVar [[r.TranslucencyLightingVolumeDim:64]]
[2021.03.05-01.37.59:465][  0]LogConfig: Setting CVar [[r.RefractionQuality:2]]
[2021.03.05-01.37.59:465][  0]LogConfig: Setting CVar [[r.SSR.Quality:3]]
[2021.03.05-01.37.59:465][  0]LogConfig: Setting CVar [[r.SSR.HalfResSceneColor:0]]
[2021.03.05-01.37.59:465][  0]LogConfig: Setting CVar [[r.SceneColorFormat:4]]
[2021.03.05-01.37.59:465][  0]LogConfig: Setting CVar [[r.DetailMode:2]]
[2021.03.05-01.37.59:465][  0]LogConfig: Setting CVar [[r.TranslucencyVolumeBlur:1]]
[2021.03.05-01.37.59:465][  0]LogConfig: Setting CVar [[r.MaterialQualityLevel:1 ; High quality]]
[2021.03.05-01.37.59:465][  0]LogConfig: Setting CVar [[r.SSS.Scale:1]]
[2021.03.05-01.37.59:465][  0]LogConfig: Setting CVar [[r.SSS.SampleSet:2]]
[2021.03.05-01.37.59:465][  0]LogConfig: Setting CVar [[r.SSS.Quality:1]]
[2021.03.05-01.37.59:465][  0]LogConfig: Setting CVar [[r.SSS.HalfRes:0]]
[2021.03.05-01.37.59:465][  0]LogConfig: Setting CVar [[r.SSGI.Quality:3]]
[2021.03.05-01.37.59:465][  0]LogConfig: Setting CVar [[r.EmitterSpawnRateScale:1.0]]
[2021.03.05-01.37.59:465][  0]LogConfig: Setting CVar [[r.ParticleLightQuality:2]]
[2021.03.05-01.37.59:465][  0]LogConfig: Setting CVar [[r.SkyAtmosphere.AerialPerspectiveLUT.FastApplyOnOpaque:1 ; Always have FastSkyLUT 1 in this case to avoid wrong sky]]
[2021.03.05-01.37.59:465][  0]LogConfig: Setting CVar [[r.SkyAtmosphere.AerialPerspectiveLUT.SampleCountPerSlice:1]]
[2021.03.05-01.37.59:465][  0]LogConfig: Setting CVar [[r.SkyAtmosphere.AerialPerspectiveLUT.DepthResolution:16.0]]
[2021.03.05-01.37.59:465][  0]LogConfig: Setting CVar [[r.SkyAtmosphere.FastSkyLUT:1]]
[2021.03.05-01.37.59:465][  0]LogConfig: Setting CVar [[r.SkyAtmosphere.FastSkyLUT.SampleCountMin:4.0]]
[2021.03.05-01.37.59:465][  0]LogConfig: Setting CVar [[r.SkyAtmosphere.FastSkyLUT.SampleCountMax:32.0]]
[2021.03.05-01.37.59:465][  0]LogConfig: Setting CVar [[r.SkyAtmosphere.SampleCountMin:4.0]]
[2021.03.05-01.37.59:465][  0]LogConfig: Setting CVar [[r.SkyAtmosphere.SampleCountMax:32.0]]
[2021.03.05-01.37.59:465][  0]LogConfig: Setting CVar [[r.SkyAtmosphere.TransmittanceLUT.UseSmallFormat:0]]
[2021.03.05-01.37.59:465][  0]LogConfig: Setting CVar [[r.SkyAtmosphere.TransmittanceLUT.SampleCount:10.0]]
[2021.03.05-01.37.59:465][  0]LogConfig: Setting CVar [[r.SkyAtmosphere.MultiScatteringLUT.SampleCount:15.0]]
[2021.03.05-01.37.59:465][  0]LogConfig: Setting CVar [[fx.Niagara.QualityLevel:3]]
[2021.03.05-01.37.59:465][  0]LogConfig: Applying CVar settings from Section [FoliageQuality@3] File [../../../MyProject5/Saved/Config/WindowsNoEditor/Scalability.ini]
[2021.03.05-01.37.59:465][  0]LogConfig: Setting CVar [[foliage.DensityScale:1.0]]
[2021.03.05-01.37.59:465][  0]LogConfig: Setting CVar [[grass.DensityScale:1.0]]
[2021.03.05-01.37.59:465][  0]LogConfig: Applying CVar settings from Section [ShadingQuality@3] File [../../../MyProject5/Saved/Config/WindowsNoEditor/Scalability.ini]
[2021.03.05-01.37.59:465][  0]LogConfig: Setting CVar [[r.HairStrands.SkyLighting.SampleCount:16]]
[2021.03.05-01.37.59:465][  0]LogConfig: Setting CVar [[r.HairStrands.SkyLighting.JitterIntegration:0]]
[2021.03.05-01.37.59:465][  0]LogConfig: Setting CVar [[r.HairStrands.SkyAO.SampleCount:16]]
[2021.03.05-01.37.59:465][  0]LogConfig: Setting CVar [[r.HairStrands.DeepShadow.SuperSampling:0]]
[2021.03.05-01.37.59:465][  0]LogConfig: Setting CVar [[r.HairStrands.VisibilityPPLL:0]]
[2021.03.05-01.37.59:465][  0]LogConfig: Setting CVar [[r.HairStrands.RasterizationScale:0.5]]
[2021.03.05-01.37.59:465][  0]LogConfig: Setting CVar [[r.HairStrands.VelocityRasterizationScale:1]]
[2021.03.05-01.37.59:465][  0]LogConfig: Applying CVar settings from Section [Startup] File [../../../Engine/Config/ConsoleVariables.ini]
[2021.03.05-01.37.59:466][  0]LogConfig: Setting CVar [[net.UseAdaptiveNetUpdateFrequency:0]]
[2021.03.05-01.37.59:466][  0]LogConfig: Setting CVar [[p.chaos.AllowCreatePhysxBodies:1]]
[2021.03.05-01.37.59:466][  0]LogConfig: Setting CVar [[fx.SkipVectorVMBackendOptimizations:1]]
[2021.03.05-01.37.59:466][  0]LogConfig: Applying CVar settings from Section [ConsoleVariables] File [../../../MyProject5/Saved/Config/WindowsNoEditor/Engine.ini]
[2021.03.05-01.37.59:466][  0]LogInit: Computer: DESKTOP-M9SDCCU
[2021.03.05-01.37.59:466][  0]LogInit: User: Usuario
[2021.03.05-01.37.59:466][  0]LogInit: CPU Page size=4096, Cores=8
[2021.03.05-01.37.59:466][  0]LogInit: High frequency timer resolution =10.000000 MHz
[2021.03.05-01.37.59:466][  0]LogMemory: Memory total: Physical=31.9GB (32GB approx)
[2021.03.05-01.37.59:466][  0]LogMemory: Platform Memory Stats for WindowsNoEditor
[2021.03.05-01.37.59:466][  0]LogMemory: Process Physical Memory: 92.14 MB used, 92.15 MB peak
[2021.03.05-01.37.59:466][  0]LogMemory: Process Virtual Memory: 83.77 MB used, 83.77 MB peak
[2021.03.05-01.37.59:466][  0]LogMemory: Physical Memory: 15406.61 MB used,  17280.60 MB free, 32687.21 MB total
[2021.03.05-01.37.59:466][  0]LogMemory: Virtual Memory: 5024.88 MB used,  134212704.00 MB free, 134217728.00 MB total
[2021.03.05-01.37.59:472][  0]LogWindows: WindowsPlatformFeatures enabled
[2021.03.05-01.37.59:592][  0]LogInit: Physics initialised using underlying interface: PhysX
[2021.03.05-01.37.59:592][  0]LogInit: Using OS detected language (es-MX).
[2021.03.05-01.37.59:592][  0]LogInit: Using OS detected locale (es-MX).
[2021.03.05-01.37.59:592][  0]LogTextLocalizationManager: No localization for 'es-MX' exists, so 'en' will be used for the language.
[2021.03.05-01.37.59:593][  0]LogTextLocalizationManager: No localization for 'es-MX' exists, so 'en' will be used for the locale.
[2021.03.05-01.37.59:625][  0]LogSlate: New Slate User Created.  User Index 0, Is Virtual User: 0
[2021.03.05-01.37.59:625][  0]LogSlate: Slate User Registered.  User Index 0, Is Virtual User: 0
[2021.03.05-01.37.59:641][  0]LogHMD: Failed to initialize OpenVR with code 110
[2021.03.05-01.37.59:641][  0]LogD3D11RHI: D3D11 min allowed feature level: 11_0
[2021.03.05-01.37.59:641][  0]LogD3D11RHI: D3D11 max allowed feature level: 11_0
[2021.03.05-01.37.59:641][  0]LogD3D11RHI: D3D11 adapters:
[2021.03.05-01.37.59:701][  0]LogD3D11RHI:    0. 'Radeon RX 580 Series' (Feature Level 11_0)
[2021.03.05-01.37.59:701][  0]LogD3D11RHI:       4075/0/16343 MB DedicatedVideo/DedicatedSystem/SharedSystem, Outputs:2, VendorId:0x1002
[2021.03.05-01.37.59:704][  0]LogD3D11RHI:    1. 'Microsoft Basic Render Driver' (Feature Level 11_0)
[2021.03.05-01.37.59:704][  0]LogD3D11RHI:       0/0/16343 MB DedicatedVideo/DedicatedSystem/SharedSystem, Outputs:0, VendorId:0x1414
[2021.03.05-01.37.59:704][  0]LogD3D11RHI: Chosen D3D11 Adapter: 0
[2021.03.05-01.37.59:714][  0]LogD3D11RHI: Creating new Direct3DDevice
[2021.03.05-01.37.59:714][  0]LogD3D11RHI:     GPU DeviceId: 0x67df (for the marketing name, search the web for "GPU Device Id")
[2021.03.05-01.37.59:714][  0]LogWindows: EnumDisplayDevices:
[2021.03.05-01.37.59:714][  0]LogWindows:    0. 'Radeon RX 580 Series' (P:1 D:1)
[2021.03.05-01.37.59:714][  0]LogWindows:    1. 'Radeon RX 580 Series' (P:0 D:1)
[2021.03.05-01.37.59:715][  0]LogWindows:    2. 'Radeon RX 580 Series' (P:0 D:0)
[2021.03.05-01.37.59:715][  0]LogWindows:    3. 'Radeon RX 580 Series' (P:0 D:0)
[2021.03.05-01.37.59:715][  0]LogWindows:    4. 'Radeon RX 580 Series' (P:0 D:0)
[2021.03.05-01.37.59:715][  0]LogWindows:    5. 'Radeon RX 580 Series' (P:0 D:0)
[2021.03.05-01.37.59:716][  0]LogWindows:    6. 'Radeon RX 580 Series' (P:0 D:0)
[2021.03.05-01.37.59:716][  0]LogWindows:    7. 'Radeon RX 580 Series' (P:0 D:0)
[2021.03.05-01.37.59:716][  0]LogWindows: DebugString: FoundDriverCount:8 
[2021.03.05-01.37.59:716][  0]LogD3D11RHI:     Adapter Name: Radeon RX 580 Series
[2021.03.05-01.37.59:716][  0]LogD3D11RHI:   Driver Version: Adrenalin 2020 20.12.1 (internal:27.20.14501.28009, unified:27.20.14501.28009)
[2021.03.05-01.37.59:716][  0]LogD3D11RHI:      Driver Date: 12-4-2020
[2021.03.05-01.37.59:716][  0]LogRHI: Texture pool is 2425 MB (70% of 3464 MB)
[2021.03.05-01.37.59:937][  0]LogD3D11RHI: RHI has support for 64 bit atomics
[2021.03.05-01.37.59:937][  0]LogD3D11RHI: Async texture creation enabled
[2021.03.05-01.37.59:937][  0]LogD3D11RHI: Array index from any shader is supported
[2021.03.05-01.37.59:949][  0]LogD3D11RHI: GPU Timing Frequency: 25.000000 (Debug: 2 1)
[2021.03.05-01.37.59:950][  0]LogShaderLibrary: Display: Using ../../../MyProject5/Content/ShaderArchive-Global-PCD3D_SM5.ushaderbytecode for material shader code. Total 2058 unique shaders.
[2021.03.05-01.37.59:950][  0]LogShaderLibrary: Display: Cooked Context: Using Shared Shader Library Global
[2021.03.05-01.37.59:951][  0]LogTemp: Warning: Clearing the OS Cache
[2021.03.05-01.37.59:952][  0]LogPakFile: New pak file ../../../MyProject5/Content/Paks/MyProject5-WindowsNoEditor.pak added to pak precacher.
[2021.03.05-01.37.59:968][  0]LogSlate: Using FreeType 2.10.0
[2021.03.05-01.37.59:969][  0]LogSlate: SlateFontServices - WITH_FREETYPE: 1, WITH_HARFBUZZ: 1
[2021.03.05-01.38.00:007][  0]LogShaderLibrary: Display: Using ../../../MyProject5/Content/ShaderArchive-MyProject5-PCD3D_SM5.ushaderbytecode for material shader code. Total 1242 unique shaders.
[2021.03.05-01.38.00:007][  0]LogShaderLibrary: Display: Cooked Context: Using Shared Shader Library MyProject5
[2021.03.05-01.38.00:008][  0]LogRHI: Display: Opened pipeline cache after state change and enqueued 0 of 0 tasks for precompile.
[2021.03.05-01.38.00:008][  0]LogRHI: Display: Failed to open default shader pipeline cache for MyProject5 using shader platform 0.
[2021.03.05-01.38.00:008][  0]LogInit: Using OS detected language (es-MX).
[2021.03.05-01.38.00:008][  0]LogInit: Using OS detected locale (es-MX).
[2021.03.05-01.38.00:008][  0]LogTextLocalizationManager: No localization for 'es-MX' exists, so 'en' will be used for the language.
[2021.03.05-01.38.00:008][  0]LogTextLocalizationManager: No localization for 'es-MX' exists, so 'en' will be used for the locale.
[2021.03.05-01.38.00:009][  0]LogTextLocalizationManager: Compacting localization data took   0.63ms
[2021.03.05-01.38.00:012][  0]LogAssetRegistry: FAssetRegistry took 0.0032 seconds to start up
[2021.03.05-01.38.00:080][  0]LogStreaming: Display: Flushing async loaders.
[2021.03.05-01.38.00:080][  0]LogPackageLocalizationCache: Processed 18 localized package path(s) for 1 prioritized culture(s) in 0.000067 seconds
[2021.03.05-01.38.00:083][  0]LogInit: Selected Device Profile: [WindowsNoEditor]
[2021.03.05-01.38.00:217][  0]LogNetVersion: MyProject5 1.0.0, NetCL: 13144385, EngineNetVer: 14, GameNetVer: 0 (Checksum: 2320164301)
[2021.03.05-01.38.00:244][  0]LogAudioCaptureCore: Display: No Audio Capture implementations found. Audio input will be silent.
[2021.03.05-01.38.00:244][  0]LogAudioCaptureCore: Display: No Audio Capture implementations found. Audio input will be silent.
[2021.03.05-01.38.00:261][  0]LogAISub: UAISubsystem::UAISubsystem AISubsystem (000001C2C5C26E00), frame # 0
[2021.03.05-01.38.00:262][  0]LogAISub: UAISubsystem::UAISubsystem AIPerceptionSystem (000001C2C27F3A80), frame # 0
[2021.03.05-01.38.00:262][  0]LogAISub: UAISubsystem::UAISubsystem EnvQueryManager (000001C2C58D9A00), frame # 0
[2021.03.05-01.38.00:282][  0]LogMoviePlayer: Initializing movie player
[2021.03.05-01.38.00:284][  0]LogAndroidPermission: UAndroidPermissionCallbackProxy::GetInstance
[2021.03.05-01.38.00:285][  0]LogOcInput: OculusInput pre-init called
[2021.03.05-01.38.00:288][  0]LogUObjectArray: 14411 objects as part of root set at end of initial load.
[2021.03.05-01.38.00:288][  0]LogUObjectArray: 2 objects are not in the root set, but can never be destroyed because they are in the DisregardForGC set.
[2021.03.05-01.38.00:288][  0]LogUObjectAllocator: 2914232 out of 0 bytes used by permanent object pool.
[2021.03.05-01.38.00:288][  0]LogUObjectArray: CloseDisregardForGC: 14411/14411 objects in disregard for GC pool
[2021.03.05-01.38.00:289][  0]LogEngine: Initializing Engine...
[2021.03.05-01.38.00:290][  0]LogHMD: Failed to initialize OpenVR with code 110
[2021.03.05-01.38.00:291][  0]LogStats: UGameplayTagsManager::InitializeManager -  0.000 s
[2021.03.05-01.38.00:339][  0]LogPakFile: Precache HighWater 16MB

[2021.03.05-01.38.00:339][  0]LogPakFile: Precache HighWater 32MB

[2021.03.05-01.38.00:339][  0]LogInit: Initializing FReadOnlyCVARCache
[2021.03.05-01.38.00:339][  0]LogAudioMixer: Display: Audio Mixer Platform Settings:
[2021.03.05-01.38.00:339][  0]LogAudioMixer: Display: 	Sample Rate:						  48000
[2021.03.05-01.38.00:340][  0]LogAudioMixer: Display: 	Callback Buffer Frame Size Requested: 1024
[2021.03.05-01.38.00:340][  0]LogAudioMixer: Display: 	Callback Buffer Frame Size To Use:	  1024
[2021.03.05-01.38.00:340][  0]LogAudioMixer: Display: 	Number of buffers to queue:			  2
[2021.03.05-01.38.00:340][  0]LogAudioMixer: Display: 	Max Channels (voices):				  32
[2021.03.05-01.38.00:340][  0]LogAudioMixer: Display: 	Number of Async Source Workers:		  0
[2021.03.05-01.38.00:340][  0]LogAudio: Display: AudioDevice MaxSources: 32
[2021.03.05-01.38.00:340][  0]LogAudio: Display: Using built-in audio occlusion.
[2021.03.05-01.38.00:340][  0]LogAudioMixer: Display: Initializing audio mixer.
[2021.03.05-01.38.00:399][  0]LogAudioDebug: Display: Lib vorbis DLL was dynamically loaded.
[2021.03.05-01.38.00:407][  0]LogAudioMixer: Display: 0: FrontLeft
[2021.03.05-01.38.00:407][  0]LogAudioMixer: Display: 1: FrontRight
[2021.03.05-01.38.00:429][  0]LogAudioMixer: Display: Using Audio Device Altavoces (Realtek High Definition Audio)
[2021.03.05-01.38.00:429][  0]LogAudioMixer: Display: Initializing Sound Submixes...
[2021.03.05-01.38.00:430][  0]LogAudioMixer: Display: Creating Master Submix 'MasterSubmixDefault'
[2021.03.05-01.38.00:430][  0]LogAudioMixer: Display: Creating Master Submix 'MasterReverbSubmixDefault'
[2021.03.05-01.38.00:431][  0]LogAudioMixer: Display: Creating Master Submix 'MasterEQSubmixDefault'
[2021.03.05-01.38.00:431][  0]LogInit: FAudioDevice initialized.
[2021.03.05-01.38.00:432][  0]LogNetVersion: Set ProjectVersion to 1.0.0.0. Version Checksum will be recalculated on next use.
[2021.03.05-01.38.00:432][  0]LogInit: Texture streaming: Enabled
[2021.03.05-01.38.00:439][  0]LogSlate: Updating window title bar state: overlay mode, drag disabled, window buttons hidden, title bar hidden
[2021.03.05-01.38.00:439][  0]LogInit: Display: Game Engine Initialized.
[2021.03.05-01.38.00:439][  0]LogInit: Display: Starting Game.
[2021.03.05-01.38.00:439][  0]LogNet: Browse: /Game/ThirdPersonBP/Maps/MainMenu?Name=Player
[2021.03.05-01.38.00:439][  0]LogLoad: LoadMap: /Game/ThirdPersonBP/Maps/MainMenu?Name=Player
[2021.03.05-01.38.00:439][  0]LogWorld: BeginTearingDown for /Temp/Untitled_0
[2021.03.05-01.38.00:440][  0]LogWorld: UWorld::CleanupWorld for Untitled, bSessionEnded=true, bCleanupResources=true
[2021.03.05-01.38.00:440][  0]LogSlate: InvalidateAllWidgets triggered.  All widgets were invalidated
[2021.03.05-01.38.00:444][  0]LogUObjectHash: Compacting FUObjectHashTables data took   0.72ms
[2021.03.05-01.38.00:450][  0]LogAIModule: Creating AISystem for world MainMenu
[2021.03.05-01.38.00:450][  0]LogAISub: UAISubsystem::UAISubsystem EnvQueryManager (000001C2CD680A00), frame # 0
[2021.03.05-01.38.00:450][  0]LogAISub: UAISubsystem::UAISubsystem AIPerceptionSystem (000001C29C74ED40), frame # 0
[2021.03.05-01.38.00:450][  0]LogLoad: Game class is 'MainMenuGameMode_C'
[2021.03.05-01.38.00:450][  0]LogWorld: Bringing World /Game/ThirdPersonBP/Maps/MainMenu.MainMenu up for play (max tick rate 0) at 2021.03.04-19.38.00
[2021.03.05-01.38.00:451][  0]LogWorld: Bringing up level for play took: 0.000262
[2021.03.05-01.38.00:451][  0]LogGameMode: FindPlayerStart: PATHS NOT DEFINED or NO PLAYERSTART with positive rating
[2021.03.05-01.38.00:453][  0]LogUMG: Display: Widget Class MainMenu_C - Loaded Fast Template.
[2021.03.05-01.38.00:454][  0]LogSerialization: Warning: Attempting to load a BulkData object that cannot be loaded from disk
[2021.03.05-01.38.00:454][  0]LogLoad: Took 0.014329 seconds to LoadMap(/Game/ThirdPersonBP/Maps/MainMenu)
[2021.03.05-01.38.00:454][  0]LogSlate: Took 0.000134 seconds to synchronously load lazily loaded font '../../../Engine/Content/EngineFonts/Faces/RobotoBold.ufont' (160K)
[2021.03.05-01.38.00:486][  0]LogRenderer: Reallocating scene render targets to support 1920x1080 Format 10 NumSamples 1 (Frame:1).
[2021.03.05-01.38.00:486][  0]LogRHI: Display: ShaderPipelineCache: Paused Batching. 1
[2021.03.05-01.38.00:486][  0]LogRHI: Display: ShaderPipelineCache: Resumed Batching. 0
[2021.03.05-01.38.00:486][  0]LogRHI: Display: ShaderPipelineCache: Batching Resumed.
[2021.03.05-01.38.00:486][  0]LogLoad: (Engine Initialization) Total time: 1.42 seconds
[2021.03.05-01.38.00:542][  0]LogContentStreaming: Texture pool size now 1000 MB
[2021.03.05-01.38.02:303][488]LogOnlineSession: Verbose: OSS: dumping NamedSession: 
[2021.03.05-01.38.02:303][488]LogOnlineSession: Verbose: OSS: 	SessionName: GameSession
[2021.03.05-01.38.02:303][488]LogOnlineSession: Verbose: OSS: 	HostingPlayerNum: 0
[2021.03.05-01.38.02:303][488]LogOnlineSession: Verbose: OSS: 	SessionState: Pending
[2021.03.05-01.38.02:303][488]LogOnlineSession: Verbose: OSS: 	RegisteredPlayers: 
[2021.03.05-01.38.02:303][488]LogOnlineSession: Verbose: OSS: 	    0 registered players
[2021.03.05-01.38.02:303][488]LogOnlineSession: Verbose: OSS: dumping Session: 
[2021.03.05-01.38.02:303][488]LogOnlineSession: Verbose: OSS: 	OwningPlayerName: Axel6109
[2021.03.05-01.38.02:303][488]LogOnlineSession: Verbose: OSS: 	OwningPlayerId: Axel6109 [0x1C2CDFA4780]
[2021.03.05-01.38.02:303][488]LogOnlineSession: Verbose: OSS: 	NumOpenPrivateConnections: 0
[2021.03.05-01.38.02:303][488]LogOnlineSession: Verbose: OSS: 	NumOpenPublicConnections: 99
[2021.03.05-01.38.02:303][488]LogOnlineSession: Verbose: OSS: 	SessionInfo: HostIP: INVALID SteamP2P: 76561198077882416:7777 Type: Lobby session SessionId: Lobby[0x18600000F17D648]
[2021.03.05-01.38.02:303][488]LogOnlineSession: Verbose: OSS: dumping SessionSettings: 
[2021.03.05-01.38.02:303][488]LogOnlineSession: Verbose: OSS: 	NumPublicConnections: 100
[2021.03.05-01.38.02:303][488]LogOnlineSession: Verbose: OSS: 	NumPrivateConnections: 0
[2021.03.05-01.38.02:303][488]LogOnlineSession: Verbose: OSS: 	bIsLanMatch: false
[2021.03.05-01.38.02:303][488]LogOnlineSession: Verbose: OSS: 	bIsDedicated: false
[2021.03.05-01.38.02:303][488]LogOnlineSession: Verbose: OSS: 	bUsesStats: false
[2021.03.05-01.38.02:303][488]LogOnlineSession: Verbose: OSS: 	bShouldAdvertise: true
[2021.03.05-01.38.02:303][488]LogOnlineSession: Verbose: OSS: 	bAllowJoinInProgress: true
[2021.03.05-01.38.02:303][488]LogOnlineSession: Verbose: OSS: 	bAllowInvites: true
[2021.03.05-01.38.02:303][488]LogOnlineSession: Verbose: OSS: 	bUsesPresence: true
[2021.03.05-01.38.02:303][488]LogOnlineSession: Verbose: OSS: 	bAllowJoinViaPresence: true
[2021.03.05-01.38.02:303][488]LogOnlineSession: Verbose: OSS: 	bAllowJoinViaPresenceFriendsOnly: false
[2021.03.05-01.38.02:303][488]LogOnlineSession: Verbose: OSS: 	BuildUniqueId: 0x00c89141
[2021.03.05-01.38.02:303][488]LogOnlineSession: Verbose: OSS: 	Settings:
[2021.03.05-01.38.02:304][488]LogNet: Browse: /Game/ThirdPersonBP/Maps/ThirdPersonExampleMap?listen
[2021.03.05-01.38.02:304][488]LogLoad: LoadMap: /Game/ThirdPersonBP/Maps/ThirdPersonExampleMap?listen
[2021.03.05-01.38.02:304][488]LogWorld: BeginTearingDown for /Game/ThirdPersonBP/Maps/MainMenu
[2021.03.05-01.38.02:304][488]LogWorld: UWorld::CleanupWorld for MainMenu, bSessionEnded=true, bCleanupResources=true
[2021.03.05-01.38.02:304][488]LogSlate: InvalidateAllWidgets triggered.  All widgets were invalidated
[2021.03.05-01.38.02:328][488]LogAISub: UAISubsystem::~UAISubsystem EnvQueryManager (000001C2CD680A00), frame # 488
[2021.03.05-01.38.02:328][488]LogAISub: UAISubsystem::~UAISubsystem AIPerceptionSystem (000001C29C74ED40), frame # 488
[2021.03.05-01.38.02:329][488]LogUObjectHash: Compacting FUObjectHashTables data took   0.42ms
[2021.03.05-01.38.02:329][488]LogStreaming: Display: Flushing async loaders.
[2021.03.05-01.38.02:350][488]LogAIModule: Creating AISystem for world ThirdPersonExampleMap
[2021.03.05-01.38.02:350][488]LogAISub: UAISubsystem::UAISubsystem EnvQueryManager (000001C2C58D0600), frame # 488
[2021.03.05-01.38.02:350][488]LogAISub: UAISubsystem::UAISubsystem AIPerceptionSystem (000001C2C27F5D80), frame # 488
[2021.03.05-01.38.02:351][488]LogLoad: Game class is 'ThirdPersonGameMode_C'
[2021.03.05-01.38.02:352][488]LogNet: ReplicationDriverClass is null! Not using ReplicationDriver.
[2021.03.05-01.38.02:352][488]LogNetCore: DDoS detection status: detection enabled: 0 analytics enabled: 0
[2021.03.05-01.38.02:352][488]LogNet: Display: SteamNetDriver_2147482520 bound to port 7777
[2021.03.05-01.38.02:352][488]PacketHandlerLog: Loaded PacketHandler component: Engine.EngineHandlerComponentFactory (StatelessConnectHandlerComponent)
[2021.03.05-01.38.02:352][488]LogNet: GameNetDriver SteamNetDriver_2147482520 IpNetDriver listening on port 7777
[2021.03.05-01.38.02:356][488]LogWorld: Bringing World /Game/ThirdPersonBP/Maps/ThirdPersonExampleMap.ThirdPersonExampleMap up for play (max tick rate 0) at 2021.03.04-19.38.02
[2021.03.05-01.38.02:356][488]LogWorld: Bringing up level for play took: 0.003125
[2021.03.05-01.38.02:357][488]LogLoad: Took 0.053352 seconds to LoadMap(/Game/ThirdPersonBP/Maps/ThirdPersonExampleMap)
[2021.03.05-01.39.32:701][812]LogWindowsDesktop: Alt-F4 pressed!
[2021.03.05-01.39.32:701][812]LogSlate: Request Window 'MyProject5 (64-bit Development PCD3D_SM5) ' being destroyed
[2021.03.05-01.39.32:711][812]LogSlate: Window 'MyProject5 (64-bit Development PCD3D_SM5) ' being destroyed
[2021.03.05-01.39.32:712][812]LogWindowsTextInputMethodSystem: Display: IME system now deactivated.
[2021.03.05-01.39.32:717][812]LogSlate: Updating window title bar state: overlay mode, drag disabled, window buttons hidden, title bar hidden
[2021.03.05-01.39.32:717][812]LogEngine: All Windows Closed
[2021.03.05-01.39.32:717][812]LogWindows: FPlatformMisc::RequestExit(0)
[2021.03.05-01.39.32:717][812]LogCore: Engine exit requested (reason: Win RequestExit)
[2021.03.05-01.39.32:718][813]LogCore: Engine exit requested (reason: EngineExit() was called; note: exit was already requested)
[2021.03.05-01.39.32:718][813]LogAudio: Display: Shutting down audio device while 2 references to it are still alive. For more information, compile with INSTRUMENT_AUDIODEVICE_HANDLES.
[2021.03.05-01.39.32:772][813]LogInit: Display: PreExit Game.
[2021.03.05-01.39.32:783][813]LogWorld: BeginTearingDown for /Game/ThirdPersonBP/Maps/ThirdPersonExampleMap
[2021.03.05-01.39.32:783][813]LogNet: World NetDriver shutdown SteamNetDriver_2147482520 [GameNetDriver]
[2021.03.05-01.39.32:783][813]LogNet: DestroyNamedNetDriver SteamNetDriver_2147482520 [GameNetDriver]
[2021.03.05-01.39.32:783][813]LogExit: GameNetDriver SteamNetDriver_2147482520 shut down
[2021.03.05-01.39.32:783][813]LogWorld: UWorld::CleanupWorld for ThirdPersonExampleMap, bSessionEnded=true, bCleanupResources=true
[2021.03.05-01.39.32:784][813]LogSlate: InvalidateAllWidgets triggered.  All widgets were invalidated
[2021.03.05-01.39.33:347][813]LogExit: Preparing to exit.
[2021.03.05-01.39.33:347][813]LogMoviePlayer: Shutting down movie player
[2021.03.05-01.39.33:349][813]LogSlate: Updating window title bar state: overlay mode, drag disabled, window buttons hidden, title bar hidden
[2021.03.05-01.39.33:350][813]LogDemo: Cleaned up 0 splitscreen connections with owner deletion
[2021.03.05-01.39.33:350][813]LogExit: Game engine shut down
[2021.03.05-01.39.33:352][813]LogAISub: UAISubsystem::~UAISubsystem AISubsystem (000001C2C5C26E00), frame # 11813
[2021.03.05-01.39.33:352][813]LogAISub: UAISubsystem::~UAISubsystem AIPerceptionSystem (000001C2C27F3A80), frame # 11813
[2021.03.05-01.39.33:352][813]LogAISub: UAISubsystem::~UAISubsystem EnvQueryManager (000001C2C58D9A00), frame # 11813
[2021.03.05-01.39.33:353][813]LogAISub: UAISubsystem::~UAISubsystem EnvQueryManager (000001C2C58D0600), frame # 11813
[2021.03.05-01.39.33:353][813]LogAISub: UAISubsystem::~UAISubsystem AIPerceptionSystem (000001C2C27F5D80), frame # 11813
[2021.03.05-01.39.33:365][813]LogExit: Object subsystem successfully closed.
[2021.03.05-01.39.33:374][813]LogModuleManager: Shutting down and abandoning module AutomationController (326)
[2021.03.05-01.39.33:374][813]LogModuleManager: Shutting down and abandoning module AutomationWorker (324)
[2021.03.05-01.39.33:374][813]LogModuleManager: Shutting down and abandoning module Voice (322)
[2021.03.05-01.39.33:374][813]LogModuleManager: Shutting down and abandoning module AIModule (320)
[2021.03.05-01.39.33:374][813]LogModuleManager: Shutting down and abandoning module GameplayDebugger (319)
[2021.03.05-01.39.33:374][813]LogModuleManager: Shutting down and abandoning module NavigationSystem (317)
[2021.03.05-01.39.33:374][813]LogModuleManager: Shutting down and abandoning module WebMMediaFactory (314)
[2021.03.05-01.39.33:374][813]LogModuleManager: Shutting down and abandoning module WebMMedia (312)
[2021.03.05-01.39.33:374][813]LogModuleManager: Shutting down and abandoning module OculusMR (310)
[2021.03.05-01.39.33:374][813]LogModuleManager: Shutting down and abandoning module WmfMediaFactory (308)
[2021.03.05-01.39.33:374][813]LogModuleManager: Shutting down and abandoning module OpenExrWrapper (306)
[2021.03.05-01.39.33:374][813]LogModuleManager: Shutting down and abandoning module ImgMediaFactory (304)
[2021.03.05-01.39.33:374][813]LogModuleManager: Shutting down and abandoning module AvfMediaFactory (302)
[2021.03.05-01.39.33:374][813]LogModuleManager: Shutting down and abandoning module CharacterAI (300)
[2021.03.05-01.39.33:374][813]LogModuleManager: Shutting down and abandoning module PlanarCut (298)
[2021.03.05-01.39.33:374][813]LogModuleManager: Shutting down and abandoning module SessionServices (296)
[2021.03.05-01.39.33:374][813]LogModuleManager: Shutting down and abandoning module LiveCoding (294)
[2021.03.05-01.39.33:374][813]LogModuleManager: Shutting down and abandoning module LevelSequence (292)
[2021.03.05-01.39.33:374][813]LogModuleManager: Shutting down and abandoning module MovieSceneTracks (290)
[2021.03.05-01.39.33:374][813]LogModuleManager: Shutting down and abandoning module MovieScene (288)
[2021.03.05-01.39.33:374][813]LogModuleManager: Shutting down and abandoning module StreamingPauseRendering (286)
[2021.03.05-01.39.33:374][813]LogModuleManager: Shutting down and abandoning module AudioMixerXAudio2 (284)
[2021.03.05-01.39.33:374][813]LogModuleManager: Shutting down and abandoning module AudioMixerCore (283)
[2021.03.05-01.39.33:374][813]LogModuleManager: Shutting down and abandoning module ImageWriteQueue (280)
[2021.03.05-01.39.33:375][813]LogModuleManager: Shutting down and abandoning module ProfilerService (278)
[2021.03.05-01.39.33:465][813]LogModuleManager: Shutting down and abandoning module TaskGraph (276)
[2021.03.05-01.39.33:465][813]LogModuleManager: Shutting down and abandoning module Synthesis (274)
[2021.03.05-01.39.33:465][813]LogModuleManager: Shutting down and abandoning module OculusInput (272)
[2021.03.05-01.39.33:465][813]LogModuleManager: Shutting down and abandoning module MobilePatchingUtils (270)
[2021.03.05-01.39.33:465][813]LogModuleManager: Shutting down and abandoning module GooglePAD (268)
[2021.03.05-01.39.33:465][813]LogModuleManager: Shutting down and abandoning module CustomMeshComponent (266)
[2021.03.05-01.39.33:465][813]LogModuleManager: Shutting down and abandoning module CableComponent (264)
[2021.03.05-01.39.33:465][813]LogModuleManager: Shutting down and abandoning module AudioCapture (262)
[2021.03.05-01.39.33:465][813]LogModuleManager: Shutting down and abandoning module AudioCaptureRtAudio (261)
[2021.03.05-01.39.33:465][813]LogModuleManager: Shutting down and abandoning module AssetTags (258)
[2021.03.05-01.39.33:465][813]LogModuleManager: Shutting down and abandoning module ArchVisCharacter (256)
[2021.03.05-01.39.33:465][813]LogModuleManager: Shutting down and abandoning module AppleImageUtils (254)
[2021.03.05-01.39.33:465][813]LogModuleManager: Shutting down and abandoning module AndroidPermission (252)
[2021.03.05-01.39.33:465][813]LogModuleManager: Shutting down and abandoning module TemplateSequence (248)
[2021.03.05-01.39.33:465][813]LogModuleManager: Shutting down and abandoning module MediaCompositing (246)
[2021.03.05-01.39.33:465][813]LogModuleManager: Shutting down and abandoning module ImgMedia (244)
[2021.03.05-01.39.33:465][813]LogModuleManager: Shutting down and abandoning module MagicLeapLightEstimation (242)
[2021.03.05-01.39.33:465][813]LogModuleManager: Shutting down and abandoning module MagicLeapHelperVulkan (240)
[2021.03.05-01.39.33:465][813]LogModuleManager: Shutting down and abandoning module MagicLeapHelperOpenGL (238)
[2021.03.05-01.39.33:465][813]LogModuleManager: Shutting down and abandoning module MagicLeapAudio (236)
[2021.03.05-01.39.33:465][813]LogModuleManager: Shutting down and abandoning module MagicLeapSharedWorld (234)
[2021.03.05-01.39.33:465][813]LogModuleManager: Shutting down and abandoning module ChaosNiagara (232)
[2021.03.05-01.39.33:465][813]LogModuleManager: Shutting down and abandoning module ProceduralMeshComponent (230)
[2021.03.05-01.39.33:465][813]LogModuleManager: Shutting down and abandoning module GeometryCollectionTracks (228)
[2021.03.05-01.39.33:465][813]LogModuleManager: Shutting down and abandoning module EditableMesh (226)
[2021.03.05-01.39.33:465][813]LogModuleManager: Shutting down and abandoning module MeshSolverUtilities (224)
[2021.03.05-01.39.33:465][813]LogModuleManager: Shutting down and abandoning module MeshConversion (222)
[2021.03.05-01.39.33:465][813]LogModuleManager: Shutting down and abandoning module DynamicMesh (220)
[2021.03.05-01.39.33:465][813]LogModuleManager: Shutting down and abandoning module GeometryAlgorithms (218)
[2021.03.05-01.39.33:465][813]LogModuleManager: Shutting down and abandoning module GeometricObjects (216)
[2021.03.05-01.39.33:465][813]LogModuleManager: Shutting down and abandoning module ChaosCloth (214)
[2021.03.05-01.39.33:465][813]LogModuleManager: Shutting down and abandoning module BackChannel (212)
[2021.03.05-01.39.33:465][813]LogModuleManager: Shutting down and abandoning module AutomationUtils (210)
[2021.03.05-01.39.33:465][813]LogModuleManager: Shutting down and abandoning module GeometryCacheTracks (208)
[2021.03.05-01.39.33:465][813]LogModuleManager: Shutting down and abandoning module GeometryCache (206)
[2021.03.05-01.39.33:465][813]LogModuleManager: Shutting down and abandoning module UObjectPlugin (204)
[2021.03.05-01.39.33:465][813]LogModuleManager: Shutting down and abandoning module MyProject5 (202)
[2021.03.05-01.39.33:465][813]LogModuleManager: Shutting down and abandoning module SoundFields (200)
[2021.03.05-01.39.33:465][813]LogModuleManager: Shutting down and abandoning module RuntimePhysXCooking (198)
[2021.03.05-01.39.33:465][813]LogModuleManager: Shutting down and abandoning module LocationServicesBPLibrary (194)
[2021.03.05-01.39.33:465][813]LogModuleManager: Shutting down and abandoning module ActorSequence (192)
[2021.03.05-01.39.33:465][813]LogModuleManager: Shutting down and abandoning module UdpMessaging (190)
[2021.03.05-01.39.33:465][813]LogModuleManager: Shutting down and abandoning module TcpMessaging (188)
[2021.03.05-01.39.33:465][813]LogModuleManager: Shutting down and abandoning module MagicLeapHandMeshing (186)
[2021.03.05-01.39.33:465][813]LogModuleManager: Shutting down and abandoning module MagicLeapSecureStorage (184)
[2021.03.05-01.39.33:465][813]LogModuleManager: Shutting down and abandoning module MagicLeapPrivileges (182)
[2021.03.05-01.39.33:465][813]LogModuleManager: Shutting down and abandoning module MagicLeapPlanes (180)
[2021.03.05-01.39.33:465][813]LogModuleManager: Shutting down and abandoning module MagicLeapImageTracker (178)
[2021.03.05-01.39.33:465][813]LogModuleManager: Shutting down and abandoning module MagicLeapIdentity (176)
[2021.03.05-01.39.33:465][813]LogModuleManager: Shutting down and abandoning module MagicLeapHandTracking (174)
[2021.03.05-01.39.33:465][813]LogModuleManager: Shutting down and abandoning module MagicLeapEyeTracker (172)
[2021.03.05-01.39.33:465][813]LogModuleManager: Shutting down and abandoning module MagicLeapController (170)
[2021.03.05-01.39.33:465][813]LogSlate: Slate User Destroyed.  User Index 0, Is Virtual User: 0
[2021.03.05-01.39.33:465][813]LogModuleManager: Shutting down and abandoning module MagicLeapARPinImpl (168)
[2021.03.05-01.39.33:465][813]LogModuleManager: Shutting down and abandoning module MagicLeapAR (166)
[2021.03.05-01.39.33:465][813]LogModuleManager: Shutting down and abandoning module AugmentedReality (165)
[2021.03.05-01.39.33:465][813]LogModuleManager: Shutting down and abandoning module MagicLeapARPin (162)
[2021.03.05-01.39.33:465][813]LogModuleManager: Shutting down and abandoning module NiagaraAnimNotifies (160)
[2021.03.05-01.39.33:465][813]LogModuleManager: Shutting down and abandoning module Niagara (158)
[2021.03.05-01.39.33:465][813]LogModuleManager: Shutting down and abandoning module SignalProcessing (157)
[2021.03.05-01.39.33:465][813]LogModuleManager: Shutting down and abandoning module NiagaraCore (154)
[2021.03.05-01.39.33:465][813]LogModuleManager: Shutting down and abandoning module FacialAnimation (152)
[2021.03.05-01.39.33:465][813]LogModuleManager: Shutting down and abandoning module SignificanceManager (150)
[2021.03.05-01.39.33:465][813]LogModuleManager: Shutting down and abandoning module AnimationSharing (148)
[2021.03.05-01.39.33:465][813]LogModuleManager: Shutting down and abandoning module LightPropagationVolumeRuntime (146)
[2021.03.05-01.39.33:465][813]LogModuleManager: Shutting down and abandoning module Paper2D (144)
[2021.03.05-01.39.33:465][813]LogModuleManager: Shutting down and abandoning module AdvancedSteamSessions (142)
[2021.03.05-01.39.33:465][813]LogModuleManager: Shutting down and abandoning module AdvancedSessions (140)
[2021.03.05-01.39.33:465][813]LogModuleManager: Shutting down and abandoning module WindowsMoviePlayer (138)
[2021.03.05-01.39.33:466][813]LogModuleManager: Shutting down and abandoning module WebMMoviePlayer (136)
[2021.03.05-01.39.33:466][813]LogModuleManager: Shutting down and abandoning module NetworkReplayStreaming (134)
[2021.03.05-01.39.33:466][813]LogModuleManager: Shutting down and abandoning module PacketHandler (132)
[2021.03.05-01.39.33:466][813]LogModuleManager: Shutting down and abandoning module ClothingSystemRuntimeNv (130)
[2021.03.05-01.39.33:466][813]LogModuleManager: Shutting down and abandoning module MediaAssets (128)
[2021.03.05-01.39.33:466][813]LogModuleManager: Shutting down and abandoning module Overlay (126)
[2021.03.05-01.39.33:466][813]LogModuleManager: Shutting down and abandoning module FunctionalTesting (124)
[2021.03.05-01.39.33:466][813]LogModuleManager: Shutting down and abandoning module MessageLog (122)
[2021.03.05-01.39.33:466][813]LogModuleManager: Shutting down and abandoning module UMG (120)
[2021.03.05-01.39.33:466][813]LogModuleManager: Shutting down and abandoning module SlateReflector (118)
[2021.03.05-01.39.33:466][813]LogModuleManager: Shutting down and abandoning module Slate (116)
[2021.03.05-01.39.33:466][813]LogModuleManager: Shutting down and abandoning module SlateCore (114)
[2021.03.05-01.39.33:466][813]LogModuleManager: Shutting down and abandoning module MRMesh (112)
[2021.03.05-01.39.33:466][813]LogModuleManager: Shutting down and abandoning module Messaging (110)
[2021.03.05-01.39.33:466][813]LogModuleManager: Shutting down and abandoning module HeadMountedDisplay (108)
[2021.03.05-01.39.33:466][813]LogModuleManager: Shutting down and abandoning module XAudio2 (106)
[2021.03.05-01.39.33:466][813]LogModuleManager: Shutting down and abandoning module Networking (104)
[2021.03.05-01.39.33:466][813]LogModuleManager: Shutting down and abandoning module Core (102)
[2021.03.05-01.39.33:466][813]LogModuleManager: Shutting down and abandoning module ImageWrapper (98)
[2021.03.05-01.39.33:466][813]LogModuleManager: Shutting down and abandoning module InputCore (96)
[2021.03.05-01.39.33:466][813]LogModuleManager: Shutting down and abandoning module Settings (94)
[2021.03.05-01.39.33:466][813]LogModuleManager: Shutting down and abandoning module PhysXCooking (92)
[2021.03.05-01.39.33:466][813]LogModuleManager: Shutting down and abandoning module ChaosSolvers (90)
[2021.03.05-01.39.33:466][813]LogModuleManager: Shutting down and abandoning module FieldSystemEngine (89)
[2021.03.05-01.39.33:466][813]LogModuleManager: Shutting down and abandoning module Chaos (86)
[2021.03.05-01.39.33:466][813]LogModuleManager: Shutting down and abandoning module WindowsPlatformFeatures (84)
[2021.03.05-01.39.33:466][813]LogModuleManager: Shutting down and abandoning module GameplayMediaEncoder (83)
[2021.03.05-01.39.33:466][813]LogModuleManager: Shutting down and abandoning module AVEncoder (82)
[2021.03.05-01.39.33:466][813]LogModuleManager: Shutting down and abandoning module SteamVRInputDevice (78)
[2021.03.05-01.39.33:466][813]LogModuleManager: Shutting down and abandoning module SteamVRInput (76)
[2021.03.05-01.39.33:466][813]LogModuleManager: Shutting down and abandoning module SteamVR (74)
[2021.03.05-01.39.33:466][813]LogHMD: Freeing OpenVRDLLHandle.
[2021.03.05-01.39.33:466][813]LogModuleManager: Shutting down and abandoning module OculusHMD (72)
[2021.03.05-01.39.33:466][813]LogModuleManager: Shutting down and abandoning module ExampleDeviceProfileSelector (70)
[2021.03.05-01.39.33:466][813]LogModuleManager: Shutting down and abandoning module LauncherChunkInstaller (68)
[2021.03.05-01.39.33:466][813]LogModuleManager: Shutting down and abandoning module WmfMedia (66)
[2021.03.05-01.39.33:466][813]LogModuleManager: Shutting down and abandoning module Media (65)
[2021.03.05-01.39.33:466][813]LogModuleManager: Shutting down and abandoning module MagicLeap (62)
[2021.03.05-01.39.33:466][813]LogModuleManager: Shutting down and abandoning module NiagaraVertexFactories (60)
[2021.03.05-01.39.33:466][813]LogModuleManager: Shutting down and abandoning module NiagaraShader (58)
[2021.03.05-01.39.33:466][813]LogModuleManager: Shutting down and abandoning module VariantManagerContent (56)
[2021.03.05-01.39.33:466][813]LogModuleManager: Shutting down and abandoning module DatasmithContent (54)
[2021.03.05-01.39.33:466][813]LogModuleManager: Shutting down and abandoning module AISupportModule (52)
[2021.03.05-01.39.33:467][813]LogModuleManager: Shutting down and abandoning module OnlineSubsystem (48)
[2021.03.05-01.39.33:467][813]LogOnline: Display: STEAM: OnlineSubsystemSteam::Shutdown()
[2021.03.05-01.39.33:467][813]LogOnline: STEAM: AUTH: Revoking all tickets.
[2021.03.05-01.39.33:467][813]LogSteamShared: Unloading the Steam API...
[2021.03.05-01.39.33:468][813]LogOnline: Display: STEAM: OnlineSubsystemSteam::Shutdown()
[2021.03.05-01.39.33:469][813]LogModuleManager: Shutting down and abandoning module SteamShared (44)
[2021.03.05-01.39.33:469][813]LogSteamShared: Freeing the Steam Loaded Modules...
[2021.03.05-01.39.33:469][813]LogModuleManager: Shutting down and abandoning module HTTP (41)
[2021.03.05-01.39.33:491][813]LogModuleManager: Shutting down and abandoning module SSL (40)
[2021.03.05-01.39.33:491][813]LogModuleManager: Shutting down and abandoning module PlatformCryptoOpenSSL (36)
[2021.03.05-01.39.33:491][813]LogModuleManager: Shutting down and abandoning module PlatformCryptoTypes (34)
[2021.03.05-01.39.33:491][813]LogModuleManager: Shutting down and abandoning module PlatformCrypto (32)
[2021.03.05-01.39.33:491][813]LogModuleManager: Shutting down and abandoning module RenderCore (30)
[2021.03.05-01.39.33:491][813]LogModuleManager: Shutting down and abandoning module Landscape (28)
[2021.03.05-01.39.33:491][813]LogModuleManager: Shutting down and abandoning module SlateRHIRenderer (26)
[2021.03.05-01.39.33:491][813]LogModuleManager: Shutting down and abandoning module OpenGLDrv (24)
[2021.03.05-01.39.33:491][813]LogModuleManager: Shutting down and abandoning module D3D11RHI (22)
[2021.03.05-01.39.33:491][813]LogModuleManager: Shutting down and abandoning module AnimGraphRuntime (20)
[2021.03.05-01.39.33:491][813]LogModuleManager: Shutting down and abandoning module Renderer (18)
[2021.03.05-01.39.33:491][813]LogModuleManager: Shutting down and abandoning module Engine (16)
[2021.03.05-01.39.33:491][813]LogModuleManager: Shutting down and abandoning module CoreUObject (14)
[2021.03.05-01.39.33:491][813]LogModuleManager: Shutting down and abandoning module NetworkFile (12)
[2021.03.05-01.39.33:491][813]LogModuleManager: Shutting down and abandoning module CookedIterativeFile (10)
[2021.03.05-01.39.33:491][813]LogModuleManager: Shutting down and abandoning module StreamingFile (8)
[2021.03.05-01.39.33:491][813]LogModuleManager: Shutting down and abandoning module SandboxFile (6)
[2021.03.05-01.39.33:491][813]LogModuleManager: Shutting down and abandoning module PakFile (4)
[2021.03.05-01.39.33:492][813]LogModuleManager: Shutting down and abandoning module RSA (3)
[2021.03.05-01.39.33:492][813]LogContentStreaming: Display: There are 1 unreleased StreamingManagers
[2021.03.05-01.39.33:493][813]LogD3D11RHI: Shutdown
[2021.03.05-01.39.33:493][813]LogD3D11RHI: CleanupD3DDevice
[2021.03.05-01.39.33:497][813]LogExit: Exiting.
[2021.03.05-01.39.33:507][813]Log file closed, 03/04/21 19:39:33
